[2015-04-08 15:14:50] START
[2015-04-08 15:42:57] EDIT Aarogya/models/db.py: 10
[2015-04-08 15:43:04] EDIT Aarogya/models/db.py: 0
[2015-04-08 15:43:51] EDIT Aarogya/models/db.py: 1
[2015-04-08 15:44:00] EDIT Aarogya/models/db.py: 0
[2015-04-08 15:44:07] EDIT Aarogya/models/db.py: 0
[2015-04-08 15:44:14] EDIT Aarogya/models/db.py: 0
[2015-04-08 15:45:07] EDIT Aarogya/models/db.py: 0
[2015-04-08 15:45:12] EDIT Aarogya/models/db.py: 0
[2015-04-08 15:45:18] EDIT Aarogya/models/db.py: 0
[2015-04-08 15:46:06] EDIT Aarogya/models/db.py: 0
[2015-04-08 15:46:16] EDIT Aarogya/models/db.py: -1
[2015-04-08 15:48:23] EDIT Aarogya/models/db.py: 0
[2015-04-08 16:09:58] EDIT Aarogya/models/db.py: -2
[2015-04-08 16:33:21] EDIT Aarogya/models/menu.py: 0
[2015-04-08 16:33:21] EDIT Aarogya/models/menu.py: 0
[2015-04-08 16:33:21] EDIT Aarogya/models/menu.py: 0
[2015-04-08 16:33:21] EDIT Aarogya/models/menu.py: 0
[2015-04-08 16:33:21] EDIT Aarogya/models/menu.py: 0
[2015-04-08 16:33:21] EDIT Aarogya/models/menu.py: 0
[2015-04-08 16:33:21] EDIT Aarogya/models/menu.py: 0
[2015-04-08 16:33:21] EDIT Aarogya/models/menu.py: 0
[2015-04-08 16:33:21] EDIT Aarogya/models/menu.py: 0
[2015-04-08 16:33:21] EDIT Aarogya/models/menu.py: 0
[2015-04-08 16:33:21] EDIT Aarogya/models/menu.py: 0
[2015-04-08 16:33:21] EDIT Aarogya/models/menu.py: 0
[2015-04-08 16:33:21] EDIT Aarogya/models/menu.py: 0
[2015-04-08 16:33:22] EDIT Aarogya/models/menu.py: 0
[2015-04-08 16:33:22] EDIT Aarogya/models/menu.py: 0
[2015-04-08 16:33:22] EDIT Aarogya/models/menu.py: 0
[2015-04-08 16:33:22] EDIT Aarogya/models/menu.py: 0
[2015-04-08 16:33:22] EDIT Aarogya/models/menu.py: 0
[2015-04-08 16:33:22] EDIT Aarogya/models/menu.py: 0
[2015-04-08 16:33:21] EDIT Aarogya/models/menu.py: 0
[2015-04-08 16:33:22] EDIT Aarogya/models/menu.py: 0
[2015-04-08 16:33:39] EDIT Aarogya/models/menu.py: 0
[2015-04-08 16:34:43] CREATE other_tables.py: 0
[2015-04-08 16:38:41] EDIT Aarogya/models/db.py: 0
[2015-04-08 16:39:45] EDIT Aarogya/models/other_tables.py: 0
[2015-04-08 16:41:16] EDIT Aarogya/models/db.py: 0
[2015-04-08 16:42:17] EDIT Aarogya/models/menu.py: 0
[2015-04-08 16:44:25] EDIT Aarogya/models/menu.py: -87
[2015-04-08 16:44:35] EDIT Aarogya/models/menu.py: 0
[2015-04-08 16:44:36] EDIT Aarogya/models/menu.py: 0
[2015-04-08 16:45:23] EDIT Aarogya/models/db.py: 0
[2015-04-08 16:46:16] DELETE Aarogya/views/layout.html.1: -1122
[2015-04-08 16:57:11] EDIT Aarogya/views/layout_user.html: -933
[2015-04-08 17:00:13] EDIT Aarogya/views/default/user.html: 0
[2015-04-08 17:04:29] EDIT Aarogya/models/menu.py: 0
[2015-04-08 17:04:39] EDIT Aarogya/models/menu.py: 0
[2015-04-08 18:30:30] EDIT Aarogya/controllers/default.py: 59
[2015-04-08 18:30:56] EDIT Aarogya/views/default/mycal.html: 0
[2015-04-08 18:32:02] EDIT Aarogya/controllers/default.py: -59
[2015-04-08 19:01:03] EDIT Aarogya/models/db.py: 0
[2015-04-08 19:01:26] EDIT Aarogya/controllers/default.py: 0
[2015-04-08 22:18:03] EDIT Aarogya/models/db.py: 47
[2015-04-08 22:18:56] EDIT Aarogya/models/db.py: 0
[2015-04-08 22:20:12] EDIT Aarogya/models/db.py: 0
[2015-04-08 22:21:19] EDIT Aarogya/models/db.py: 0
[2015-04-08 22:22:02] EDIT Aarogya/models/db.py: 0
[2015-04-08 22:23:50] EDIT Aarogya/models/db.py: 0
[2015-04-08 22:25:07] EDIT Aarogya/models/db.py: 0
[2015-04-08 22:26:19] EDIT Aarogya/models/db.py: 0
[2015-04-08 22:27:09] EDIT Aarogya/models/db.py: 0
[2015-04-08 22:27:54] EDIT Aarogya/models/db.py: 0
[2015-04-08 22:29:03] EDIT Aarogya/models/db.py: 0
[2015-04-08 22:29:48] EDIT Aarogya/models/db.py: -1
[2015-04-08 22:34:31] EDIT Aarogya/models/db.py: 1
[2015-04-08 22:36:51] EDIT Aarogya/views/layout.html: 5
[2015-04-08 22:38:56] EDIT Aarogya/models/db.py: 0
[2015-04-08 22:39:28] EDIT Aarogya/models/db.py: 0
[2015-04-08 22:40:03] EDIT Aarogya/models/db.py: 0
[2015-04-08 22:40:28] EDIT Aarogya/models/db.py: 0
[2015-04-08 22:41:32] EDIT Aarogya/models/db.py: 1
[2015-04-08 22:41:44] EDIT Aarogya/models/db.py: 0
[2015-04-08 22:42:00] EDIT Aarogya/models/db.py: 0
[2015-04-08 22:42:32] EDIT Aarogya/models/db.py: 0
[2015-04-08 22:43:33] EDIT Aarogya/models/db.py: -1
[2015-04-08 22:45:41] EDIT Aarogya/controllers/default.py: 12
[2015-04-08 22:53:26] EDIT Aarogya/controllers/default.py: 3
[2015-04-08 23:15:44] EDIT Aarogya/models/db.py: 1
[2015-04-08 23:15:59] EDIT Aarogya/controllers/default.py: 53
[2015-04-08 23:19:56] EDIT Aarogya/models/db.py: 0
[2015-04-08 23:24:44] EDIT Aarogya/models/db.py: 0
[2015-04-10 15:00:46] EDIT Aarogya/models/db.py: 15
[2015-04-10 15:03:12] EDIT Aarogya/models/db.py: 0
[2015-04-10 15:03:50] EDIT Aarogya/models/db.py: 0
[2015-04-10 15:05:15] EDIT Aarogya/models/db.py: 0
[2015-04-10 15:11:58] EDIT Aarogya/controllers/default.py: 0
[2015-04-10 16:20:21] EDIT Aarogya/models/menu.py: 0
[2015-04-10 16:20:54] EDIT Aarogya/controllers/default.py: 2
[2015-04-10 17:03:16] EDIT Aarogya/views/default/add_report.html: 5
[2015-04-10 17:03:32] EDIT Aarogya/views/default/add_report.html: -1
[2015-04-10 17:04:03] EDIT Aarogya/controllers/default.py: -11
[2015-04-10 17:05:00] EDIT Aarogya/controllers/default.py: 0
[2015-04-10 17:05:00] EDIT Aarogya/controllers/default.py: 0
[2015-04-10 17:05:19] EDIT Aarogya/controllers/default.py: 0
[2015-04-10 17:05:20] EDIT Aarogya/controllers/default.py: 0
[2015-04-10 17:05:20] EDIT Aarogya/controllers/default.py: 0
[2015-04-10 17:05:20] EDIT Aarogya/controllers/default.py: 0
[2015-04-10 17:05:20] EDIT Aarogya/controllers/default.py: 0
[2015-04-10 17:05:20] EDIT Aarogya/controllers/default.py: 0
[2015-04-10 17:05:20] EDIT Aarogya/controllers/default.py: 0
[2015-04-10 17:05:20] EDIT Aarogya/controllers/default.py: 0
[2015-04-10 17:05:20] EDIT Aarogya/controllers/default.py: 0
[2015-04-10 17:05:20] EDIT Aarogya/controllers/default.py: 0
[2015-04-10 17:05:20] EDIT Aarogya/controllers/default.py: 0
[2015-04-10 17:05:42] EDIT Aarogya/controllers/default.py: 0
[2015-04-10 17:06:04] EDIT Aarogya/controllers/default.py: 0
[2015-04-10 17:06:05] EDIT Aarogya/controllers/default.py: 0
[2015-04-10 17:06:05] EDIT Aarogya/controllers/default.py: 0
[2015-04-10 17:06:05] EDIT Aarogya/controllers/default.py: 0
[2015-04-10 17:06:05] EDIT Aarogya/controllers/default.py: 0
[2015-04-10 17:06:14] EDIT Aarogya/controllers/default.py: 0
[2015-04-10 17:06:31] EDIT Aarogya/controllers/default.py: 0
[2015-04-10 17:06:54] EDIT Aarogya/controllers/default.py: 0
[2015-04-10 17:06:55] EDIT Aarogya/controllers/default.py: 0
[2015-04-10 17:07:54] EDIT Aarogya/controllers/default.py: 0
[2015-04-10 17:08:27] EDIT Aarogya/controllers/default.py: 5
[2015-04-10 17:08:28] EDIT Aarogya/controllers/default.py: 0
[2015-04-10 17:08:43] EDIT Aarogya/controllers/default.py: -1
[2015-04-10 17:10:07] EDIT Aarogya/controllers/default.py: 1
[2015-04-10 17:10:13] EDIT Aarogya/controllers/default.py: 0
[2015-04-10 17:10:48] EDIT Aarogya/controllers/default.py: 0
[2015-04-10 17:10:57] EDIT Aarogya/controllers/default.py: 0
[2015-04-10 17:11:04] EDIT Aarogya/controllers/default.py: 0
[2015-04-10 17:11:08] EDIT Aarogya/controllers/default.py: 0
[2015-04-10 17:11:11] EDIT Aarogya/controllers/default.py: 0
[2015-04-10 17:11:53] EDIT Aarogya/controllers/default.py: 0
[2015-04-10 17:11:55] EDIT Aarogya/controllers/default.py: 0
[2015-04-10 17:12:17] EDIT Aarogya/controllers/default.py: 0
[2015-04-10 17:15:16] EDIT Aarogya/models/db.py: 0
[2015-04-10 17:15:47] EDIT Aarogya/controllers/default.py: 0
[2015-04-10 17:16:05] EDIT Aarogya/controllers/default.py: 0
[2015-04-10 17:16:06] EDIT Aarogya/controllers/default.py: 0
[2015-04-10 17:16:12] EDIT Aarogya/controllers/default.py: 0
[2015-04-10 17:16:17] EDIT Aarogya/controllers/default.py: 0
[2015-04-10 17:16:33] EDIT Aarogya/controllers/default.py: 0
[2015-04-10 17:16:56] EDIT Aarogya/controllers/default.py: 0
[2015-04-10 17:20:03] EDIT Aarogya/controllers/default.py: 0
[2015-04-10 17:22:21] EDIT Aarogya/controllers/default.py: 0
[2015-04-10 17:22:41] EDIT Aarogya/controllers/default.py: 0
[2015-04-10 17:23:15] EDIT Aarogya/controllers/default.py: 0
[2015-04-10 17:23:47] EDIT Aarogya/controllers/default.py: 1
[2015-04-10 17:24:07] EDIT Aarogya/controllers/default.py: 0
[2015-04-10 17:24:13] EDIT Aarogya/controllers/default.py: 0
[2015-04-10 17:24:52] EDIT Aarogya/controllers/default.py: 0
[2015-04-10 17:27:16] EDIT Aarogya/models/menu.py: 0
[2015-04-10 17:28:07] EDIT Aarogya/views/default/report_search.html: 0
[2015-04-12 10:40:36] EDIT Aarogya/models/db.py: 8
[2015-04-13 22:41:25] EDIT Aarogya/models/db.py: 0
[2015-04-13 22:44:23] EDIT Aarogya/models/db.py: -8
[2015-04-13 23:30:52] EDIT Aarogya/models/db.py: 0
[2015-04-13 23:44:31] EDIT Aarogya/models/db.py: 6
[2015-04-14 00:00:41] EDIT Aarogya/models/db.py: 0
[2015-04-14 00:02:57] EDIT Aarogya/models/db.py: 1
[2015-04-14 00:03:31] EDIT Aarogya/models/db.py: 0
[2015-04-14 00:22:35] CREATE mycal_p.html: 0
[2015-04-14 00:23:25] EDIT Aarogya/views/mycal_p.html: 27
[2015-04-14 00:23:30] EDIT Aarogya/views/default/mycal_d.html: 0
[2015-04-14 12:11:55] EDIT Aarogya/models/db.py: 0
[2015-04-14 12:12:17] EDIT Aarogya/models/db.py: 0
[2015-04-30 12:02:42] EDIT Aarogya/views/layout.html: 0
[2015-04-30 12:04:16] EDIT Aarogya/models/menu.py: -7
[2015-04-30 12:06:45] EDIT Aarogya/views/layout.html: 0
[2015-04-30 12:07:20] EDIT Aarogya/views/layout.html: 0
[2015-04-30 12:07:46] EDIT Aarogya/views/layout.html: 1
[2015-04-30 12:08:50] EDIT Aarogya/views/layout.html: 0
[2015-04-30 12:11:07] EDIT Aarogya/views/layout.html: 0
[2015-04-30 12:11:32] EDIT Aarogya/views/layout.html: 0
[2015-04-30 12:11:52] EDIT Aarogya/views/layout.html: 0
[2015-04-30 12:12:03] EDIT Aarogya/views/layout.html: 0
[2015-04-30 12:14:10] EDIT Aarogya/views/layout.html: 5
[2015-04-30 12:15:54] EDIT Aarogya/views/layout.html: -1
[2015-04-30 12:17:00] EDIT Aarogya/views/layout.html: 0
[2015-04-30 12:24:41] EDIT Aarogya/views/layout.html: 0
[2015-04-30 12:43:59] EDIT Aarogya/views/layout.html: 0
[2015-04-30 12:46:14] EDIT Aarogya/views/layout.html: 0
[2015-04-30 12:47:25] EDIT Aarogya/views/layout.html: 0
[2015-04-30 12:47:28] EDIT Aarogya/views/layout.html: 0
[2015-04-30 12:47:30] EDIT Aarogya/views/layout.html: 0
[2015-04-30 12:49:06] EDIT Aarogya/views/layout.html: 0
[2015-04-30 12:49:43] EDIT Aarogya/views/layout.html: 0
[2015-04-30 12:53:04] EDIT Aarogya/static/css/superslides.css: 0
[2015-04-30 12:59:06] EDIT Aarogya/static/css/superslides.css: 3
[2015-04-30 13:00:22] EDIT Aarogya/static/css/superslides.css: 2
[2015-04-30 13:01:40] EDIT Aarogya/static/css/superslides.css: -5
[2015-04-30 13:02:59] EDIT Aarogya/static/css/superslides.css: 0
[2015-04-30 13:04:57] EDIT Aarogya/static/css/superslides.css: 0
[2015-04-30 13:04:57] EDIT Aarogya/static/css/superslides.css: 0
[2015-04-30 13:05:56] EDIT Aarogya/static/css/superslides.css: 2
[2015-04-30 13:06:24] EDIT Aarogya/static/css/superslides.css: 0
[2015-04-30 13:06:24] EDIT Aarogya/static/css/superslides.css: 0
[2015-04-30 13:06:50] EDIT Aarogya/static/css/superslides.css: 2
[2015-04-30 13:07:08] EDIT Aarogya/static/css/superslides.css: 0
[2015-04-30 13:07:09] EDIT Aarogya/static/css/superslides.css: 0
[2015-04-30 13:08:19] EDIT Aarogya/static/css/superslides.css: 0
[2015-04-30 13:09:19] EDIT Aarogya/static/css/superslides.css: -1
[2015-04-30 13:09:51] EDIT Aarogya/static/css/superslides.css: 0
[2015-04-30 13:10:29] EDIT Aarogya/static/css/superslides.css: 0
[2015-04-30 13:11:54] EDIT Aarogya/static/css/superslides.css: -1
[2015-04-30 13:12:00] EDIT Aarogya/static/css/superslides.css: 0
[2015-04-30 13:12:20] EDIT Aarogya/static/css/superslides.css: 0
[2015-04-30 13:13:04] EDIT Aarogya/static/css/superslides.css: 0
[2015-04-30 13:13:45] EDIT Aarogya/static/css/superslides.css: 0
[2015-04-30 13:14:07] EDIT Aarogya/static/css/superslides.css: 1
[2015-04-30 13:14:09] EDIT Aarogya/static/css/superslides.css: 0
[2015-04-30 13:14:22] EDIT Aarogya/static/css/superslides.css: 0
[2015-04-30 13:16:30] EDIT Aarogya/views/layout.html: -1
[2015-04-30 13:29:15] EDIT Aarogya/views/layout.html: 0
[2015-04-30 13:30:35] EDIT Aarogya/views/layout.html: 0
[2015-04-30 13:31:00] EDIT Aarogya/views/layout.html: 1
[2015-04-30 13:31:27] EDIT Aarogya/views/layout.html: 0
[2015-04-30 13:33:02] EDIT Aarogya/views/layout.html: 1
[2015-04-30 13:34:16] EDIT Aarogya/views/layout.html: 0
[2015-04-30 13:35:18] EDIT Aarogya/views/layout.html: -2
[2015-04-30 13:36:57] EDIT Aarogya/views/layout.html: 20
[2015-04-30 13:38:15] EDIT Aarogya/views/layout.html: 11
[2015-04-30 13:40:40] EDIT Aarogya/views/layout.html: 1
[2015-04-30 13:42:43] EDIT Aarogya/views/layout.html: 17
[2015-04-30 13:44:55] EDIT Aarogya/views/layout.html: 1
[2015-04-30 13:47:53] EDIT Aarogya/views/layout.html: 0
[2015-04-30 13:49:28] EDIT Aarogya/views/layout.html: -1
[2015-04-30 13:50:39] EDIT Aarogya/views/layout.html: 0
[2015-04-30 13:52:58] EDIT Aarogya/views/layout.html: -1
[2015-04-30 13:54:14] EDIT Aarogya/views/layout.html: 4
[2015-04-30 13:54:41] EDIT Aarogya/views/layout.html: 0
[2015-04-30 13:55:08] EDIT Aarogya/views/layout.html: 0
[2015-04-30 14:00:33] EDIT Aarogya/views/layout.html: -17
[2015-04-30 14:03:08] EDIT Aarogya/views/layout.html: 6
[2015-04-30 14:07:19] EDIT Aarogya/views/layout.html: 114
[2015-04-30 14:08:21] EDIT Aarogya/views/layout.html: 0
[2015-04-30 14:11:32] EDIT Aarogya/views/layout.html: 0
[2015-04-30 14:15:40] EDIT Aarogya/views/layout.html: -206
[2015-04-30 14:16:50] EDIT Aarogya/views/layout.html: -43
[2015-04-30 14:17:31] EDIT Aarogya/views/layout.html: 0
[2015-04-30 14:19:50] EDIT Aarogya/views/layout.html: -11
[2015-04-30 14:22:16] EDIT Aarogya/views/layout.html: 0
[2015-04-30 14:22:35] EDIT Aarogya/views/layout.html: 0
[2015-04-30 14:25:32] EDIT Aarogya/views/layout.html: -42
[2015-04-30 14:27:37] EDIT Aarogya/views/layout.html: 59
[2015-04-30 14:31:02] EDIT Aarogya/views/layout.html: 51
[2015-04-30 14:31:51] EDIT Aarogya/views/layout.html: -2
[2015-04-30 14:32:01] EDIT Aarogya/views/layout.html: 0
[2015-04-30 14:32:06] EDIT Aarogya/views/layout.html: 0
[2015-04-30 14:33:18] EDIT Aarogya/views/layout.html: 0
[2015-04-30 14:33:53] EDIT Aarogya/views/layout.html: 0
[2015-04-30 14:34:13] EDIT Aarogya/views/layout.html: 0
[2015-04-30 14:34:37] EDIT Aarogya/views/layout.html: 1
[2015-04-30 14:35:10] EDIT Aarogya/views/layout.html: 0
[2015-04-30 14:36:43] EDIT Aarogya/views/layout.html: 1
[2015-04-30 14:37:42] EDIT Aarogya/views/layout.html: 2
[2015-04-30 14:38:34] EDIT Aarogya/views/layout.html: -1
[2015-04-30 14:43:39] EDIT Aarogya/views/layout.html: 0
[2015-04-30 14:48:08] EDIT Aarogya/views/layout.html: -44
[2015-04-30 14:49:36] EDIT Aarogya/views/layout.html: 3
[2015-04-30 15:50:50] EDIT Aarogya/views/layout.html: 0
[2015-04-30 15:52:51] EDIT Aarogya/views/layout.html: -83
[2015-04-30 15:53:34] EDIT Aarogya/views/layout.html: 0
[2015-04-30 15:57:04] EDIT Aarogya/views/layout.html: 0
[2015-04-30 15:57:22] EDIT Aarogya/views/layout.html: -2
[2015-04-30 16:06:03] EDIT Aarogya/views/layout.html: 85
[2015-04-30 16:07:11] EDIT Aarogya/views/layout.html: 0
[2015-04-30 16:11:14] EDIT Aarogya/views/layout.html: 0
[2015-04-30 16:12:05] EDIT Aarogya/views/layout.html: -49
[2015-04-30 16:21:54] EDIT Aarogya/views/layout.html: -4
[2015-04-30 16:24:33] EDIT Aarogya/views/layout.html: 0
[2015-04-30 16:25:19] EDIT Aarogya/views/layout.html: -1
[2015-04-30 16:26:06] EDIT Aarogya/views/layout.html: 0
[2015-04-30 16:26:27] EDIT Aarogya/views/layout.html: 1
[2015-04-30 16:26:32] EDIT Aarogya/views/layout.html: 0
[2015-04-30 16:26:35] EDIT Aarogya/views/layout.html: 0
[2015-04-30 16:26:52] EDIT Aarogya/views/layout.html: 0
[2015-04-30 16:30:32] EDIT Aarogya/views/layout.html: -7
[2015-04-30 16:33:25] EDIT Aarogya/views/layout.html: -24
[2015-04-30 16:33:48] EDIT Aarogya/views/layout.html: 0
[2015-04-30 16:36:32] EDIT Aarogya/views/layout.html: 0
[2015-04-30 16:40:19] EDIT Aarogya/views/layout.html: 12
[2015-04-30 16:40:42] EDIT Aarogya/views/layout.html: -12
[2015-04-30 16:41:09] EDIT Aarogya/views/layout.html: 15
[2015-04-30 16:42:42] EDIT Aarogya/views/layout.html: -6
[2015-04-30 16:44:27] EDIT Aarogya/views/layout.html: -2
[2015-04-30 16:48:12] EDIT Aarogya/views/layout.html: -258
[2015-04-30 16:50:47] EDIT Aarogya/views/layout.html: -6
[2015-04-30 16:51:12] EDIT Aarogya/views/layout.html: 0
[2015-04-30 16:51:36] EDIT Aarogya/views/layout.html: 0
[2015-04-30 16:53:03] EDIT Aarogya/views/layout.html: 0
[2015-04-30 16:53:27] EDIT Aarogya/views/layout.html: 0
[2015-04-30 16:53:58] EDIT Aarogya/views/layout.html: 0
[2015-04-30 16:54:36] EDIT Aarogya/views/layout.html: 0
[2015-04-30 16:55:38] EDIT Aarogya/views/layout.html: 0
[2015-04-30 16:55:50] EDIT Aarogya/views/layout.html: 0
[2015-04-30 16:56:48] EDIT Aarogya/views/layout.html: 0
[2015-04-30 16:59:59] EDIT Aarogya/views/layout.html: 0
[2015-04-30 17:00:19] EDIT Aarogya/views/layout.html: 0
[2015-04-30 17:00:33] EDIT Aarogya/views/layout.html: 0
[2015-04-30 17:00:44] EDIT Aarogya/views/layout.html: 0
[2015-04-30 17:01:19] EDIT Aarogya/views/layout.html: -1
[2015-04-30 17:02:37] EDIT Aarogya/views/layout.html: 3
[2015-04-30 17:03:00] EDIT Aarogya/views/layout.html: 0
[2015-04-30 17:03:07] EDIT Aarogya/views/layout.html: 0
[2015-04-30 17:03:21] EDIT Aarogya/views/layout.html: 0
[2015-04-30 17:03:56] EDIT Aarogya/views/layout.html: 0
[2015-04-30 17:04:11] EDIT Aarogya/views/layout.html: 0
[2015-04-30 17:04:17] EDIT Aarogya/views/layout.html: 0
[2015-04-30 17:05:28] EDIT Aarogya/views/layout.html: 0
[2015-04-30 17:05:54] EDIT Aarogya/views/layout.html: -22
[2015-04-30 17:06:11] EDIT Aarogya/views/layout.html: -6
[2015-04-30 17:06:42] EDIT Aarogya/views/layout.html: 0
[2015-04-30 17:07:35] EDIT Aarogya/views/layout.html: 0
[2015-04-30 17:07:39] EDIT Aarogya/views/layout.html: 0
[2015-04-30 17:08:01] EDIT Aarogya/views/layout.html: 0
[2015-04-30 17:10:23] EDIT Aarogya/views/layout.html: 0
[2015-04-30 17:11:03] EDIT Aarogya/views/layout.html: 0
[2015-04-30 17:11:51] EDIT Aarogya/views/layout.html: 0
[2015-04-30 17:12:17] EDIT Aarogya/views/layout.html: 0
[2015-04-30 17:12:42] EDIT Aarogya/views/layout.html: 0
[2015-04-30 17:13:28] EDIT Aarogya/views/layout.html: 0
[2015-04-30 17:13:59] EDIT Aarogya/views/layout.html: 0
[2015-04-30 17:15:56] EDIT Aarogya/views/layout.html: 0
[2015-04-30 17:16:48] EDIT Aarogya/views/layout.html: 1
[2015-04-30 17:17:34] EDIT Aarogya/views/layout.html: 0
[2015-04-30 17:17:47] EDIT Aarogya/views/layout.html: 0
[2015-04-30 17:17:57] EDIT Aarogya/views/layout.html: 0
[2015-04-30 17:19:23] EDIT Aarogya/views/layout.html: 2
[2015-04-30 17:19:49] EDIT Aarogya/views/layout.html: 1
[2015-04-30 17:20:44] EDIT Aarogya/views/layout.html: 0
[2015-04-30 17:21:14] EDIT Aarogya/views/layout.html: 0
[2015-04-30 17:31:58] EDIT Aarogya/controllers/default.py: -11
[2015-04-30 17:32:21] EDIT Aarogya/controllers/default.py: 0
[2015-04-30 17:32:46] EDIT Aarogya/controllers/default.py: 0
[2015-04-30 17:33:04] EDIT Aarogya/controllers/default.py: 0
[2015-04-30 17:33:13] EDIT Aarogya/controllers/default.py: 0
[2015-04-30 17:33:28] EDIT Aarogya/controllers/default.py: -2
[2015-04-30 17:33:35] EDIT Aarogya/controllers/default.py: 0
[2015-04-30 17:36:25] EDIT Aarogya/controllers/default.py: 1
[2015-04-30 17:36:32] EDIT Aarogya/controllers/default.py: 0
[2015-04-30 17:38:00] EDIT Aarogya/controllers/default.py: 0
[2015-04-30 17:38:18] EDIT Aarogya/controllers/default.py: 0
[2015-04-30 17:38:23] EDIT Aarogya/controllers/default.py: 0
[2015-04-30 17:38:53] EDIT Aarogya/controllers/default.py: -1
[2015-04-30 17:39:41] EDIT Aarogya/controllers/default.py: 0
[2015-04-30 17:42:04] EDIT Aarogya/controllers/default.py: 0
[2015-04-30 17:42:07] EDIT Aarogya/controllers/default.py: 0
[2015-04-30 17:55:21] EDIT Aarogya/controllers/default.py: 4
[2015-04-30 17:55:37] EDIT Aarogya/controllers/default.py: 0
[2015-04-30 17:55:52] EDIT Aarogya/controllers/default.py: -4
[2015-04-30 17:55:53] EDIT Aarogya/controllers/default.py: 0
[2015-04-30 17:56:05] EDIT Aarogya/models/db.py: 4
[2015-04-30 18:06:14] EDIT Aarogya/models/db.py: 0
[2015-04-30 18:15:55] EDIT Aarogya/models/db.py: 1
[2015-04-30 18:16:14] EDIT Aarogya/models/db.py: 0
[2015-04-30 18:16:26] EDIT Aarogya/models/db.py: 0
[2015-04-30 18:20:35] EDIT Aarogya/models/db.py: 0
[2015-04-30 18:58:44] EDIT Aarogya/models/db.py: 0
[2015-04-30 18:58:51] EDIT Aarogya/models/db.py: 0
[2015-04-30 19:00:00] EDIT Aarogya/models/db.py: 0
[2015-04-30 19:00:19] EDIT Aarogya/models/db.py: 0
[2015-04-30 19:06:43] EDIT Aarogya/models/db.py: -4
[2015-04-30 19:09:48] EDIT Aarogya/controllers/default.py: 0
[2015-04-30 19:11:11] EDIT Aarogya/models/menu.py: 0
[2015-04-30 19:12:33] EDIT Aarogya/models/menu.py: 0
[2015-04-30 19:32:44] EDIT Aarogya/models/db.py: 5
[2015-04-30 19:33:28] EDIT Aarogya/models/db.py: 1
[2015-04-30 19:33:29] EDIT Aarogya/models/db.py: 0
[2015-04-30 19:33:45] EDIT Aarogya/controllers/default.py: 0
[2015-04-30 19:33:53] EDIT Aarogya/controllers/default.py: 0
[2015-04-30 19:34:01] EDIT Aarogya/controllers/default.py: 0
[2015-04-30 19:34:09] EDIT Aarogya/controllers/default.py: 0
[2015-04-30 19:34:10] EDIT Aarogya/controllers/default.py: 0
[2015-04-30 19:34:24] EDIT Aarogya/controllers/default.py: 0
[2015-04-30 19:34:37] EDIT Aarogya/controllers/default.py: -14
[2015-04-30 19:34:40] EDIT Aarogya/controllers/default.py: 0
[2015-04-30 19:34:41] EDIT Aarogya/controllers/default.py: 0
[2015-04-30 19:34:42] EDIT Aarogya/controllers/default.py: 0
[2015-04-30 19:36:03] EDIT Aarogya/models/db.py: 0
[2015-04-30 19:36:05] EDIT Aarogya/models/db.py: 0
[2015-04-30 19:37:37] EDIT Aarogya/models/menu.py: 1
[2015-04-30 19:38:20] EDIT Aarogya/models/menu.py: 0
[2015-04-30 19:41:13] EDIT Aarogya/models/menu.py: -1
[2015-04-30 19:49:07] EDIT Aarogya/models/db.py: 6
[2015-04-30 19:49:10] EDIT Aarogya/models/db.py: 0
[2015-04-30 19:49:15] EDIT Aarogya/models/db.py: 0
[2015-04-30 19:55:33] EDIT Aarogya/models/db.py: 0
[2015-04-30 19:55:43] EDIT Aarogya/models/menu.py: 0
[2015-04-30 19:55:45] EDIT Aarogya/controllers/default.py: 0
[2015-04-30 19:59:24] EDIT Aarogya/views/default/Doctor_index.html: 0
[2015-04-30 19:59:41] EDIT Aarogya/views/default/Patient_index.html: 0
[2015-04-30 20:03:39] CREATE dlayout.html: 0
[2015-04-30 20:03:58] CREATE playout.html: 0
[2015-04-30 20:08:31] EDIT Aarogya/models/db.py: 0
[2015-04-30 20:14:52] EDIT Aarogya/controllers/default.py: 3
[2015-04-30 20:16:03] EDIT Aarogya/models/db.py: 0
[2015-04-30 20:16:17] EDIT Aarogya/controllers/default.py: 0
[2015-04-30 20:19:36] EDIT Aarogya/models/db.py: 0
[2015-04-30 20:20:12] EDIT Aarogya/models/db.py: 0
[2015-04-30 20:21:03] EDIT Aarogya/models/db.py: 0
[2015-04-30 20:22:21] EDIT Aarogya/views/playout.html: 0
[2015-04-30 20:24:30] EDIT Aarogya/controllers/default.py: 5
[2015-04-30 20:24:38] EDIT Aarogya/controllers/default.py: 0
[2015-04-30 20:24:39] EDIT Aarogya/controllers/default.py: 0
[2015-04-30 20:25:42] EDIT Aarogya/controllers/default.py: 0
[2015-04-30 20:27:24] EDIT Aarogya/controllers/default.py: 0
[2015-04-30 22:35:47] EDIT Aarogya/controllers/default.py: 1
[2015-04-30 22:38:13] EDIT Aarogya/views/playout.html: 0
[2015-04-30 22:45:17] EDIT Aarogya/views/playout.html: 431
[2015-04-30 22:45:44] EDIT Aarogya/views/playout.html: 0
[2015-04-30 22:47:29] EDIT Aarogya/controllers/default.py: 0
[2015-04-30 22:48:10] CREATE default/report_patient.html: 0
[2015-04-30 22:48:19] EDIT Aarogya/views/default/report_patient.html: 0
[2015-04-30 22:48:48] EDIT Aarogya/views/default/report_patient.html: 1
[2015-04-30 22:49:54] EDIT Aarogya/views/default/report_patient.html: 0
[2015-04-30 22:52:18] EDIT Aarogya/models/menu.py: 1
[2015-04-30 22:52:19] EDIT Aarogya/models/menu.py: 0
[2015-04-30 22:52:49] EDIT Aarogya/models/menu.py: -1
[2015-04-30 22:52:55] EDIT Aarogya/models/menu.py: 0
[2015-04-30 22:54:22] EDIT Aarogya/views/playout.html: 0
[2015-04-30 22:54:50] EDIT Aarogya/views/layout_user.html: 0
[2015-04-30 22:55:09] EDIT Aarogya/views/layout_user.html: 0
[2015-04-30 22:55:16] EDIT Aarogya/views/layout_user.html: 0
[2015-04-30 22:56:00] EDIT Aarogya/views/playout.html: 0
[2015-04-30 22:57:00] EDIT Aarogya/views/layout_user.html: 0
[2015-04-30 23:01:01] EDIT Aarogya/views/default/report_patient.html: 0
[2015-04-30 23:01:09] EDIT Aarogya/views/default/report_patient.html: -1
[2015-04-30 23:05:21] EDIT Aarogya/controllers/default.py: 1
[2015-04-30 23:05:47] EDIT Aarogya/controllers/default.py: 0
[2015-04-30 23:05:48] EDIT Aarogya/controllers/default.py: 0
[2015-04-30 23:06:47] EDIT Aarogya/controllers/default.py: -1
[2015-04-30 23:06:48] EDIT Aarogya/controllers/default.py: 0
[2015-04-30 23:06:56] EDIT Aarogya/controllers/default.py: 0
[2015-04-30 23:08:00] EDIT Aarogya/controllers/default.py: 1
[2015-04-30 23:09:29] EDIT Aarogya/controllers/default.py: -1
[2015-04-30 23:09:42] EDIT Aarogya/controllers/default.py: 0
[2015-04-30 23:10:22] EDIT Aarogya/controllers/default.py: 0
[2015-04-30 23:11:21] EDIT Aarogya/controllers/default.py: 0
[2015-04-30 23:13:23] EDIT Aarogya/controllers/default.py: 0
[2015-04-30 23:13:29] EDIT Aarogya/controllers/default.py: 0
[2015-04-30 23:13:30] EDIT Aarogya/controllers/default.py: 0
[2015-04-30 23:14:18] EDIT Aarogya/controllers/default.py: 0
[2015-04-30 23:15:12] EDIT Aarogya/controllers/default.py: 0
[2015-04-30 23:15:13] EDIT Aarogya/controllers/default.py: 0
[2015-04-30 23:17:22] EDIT Aarogya/controllers/default.py: 0
[2015-04-30 23:20:36] EDIT Aarogya/controllers/default.py: 5
[2015-04-30 23:22:29] EDIT Aarogya/controllers/default.py: -4
[2015-04-30 23:25:11] EDIT Aarogya/controllers/default.py: 0
[2015-04-30 23:26:06] EDIT Aarogya/views/default/appointment_patient.html: 0
[2015-04-30 23:27:13] EDIT Aarogya/views/default/appointment_patient.html: 0
[2015-04-30 23:33:59] EDIT Aarogya/models/db.py: 0
[2015-04-30 23:36:04] EDIT Aarogya/controllers/default.py: 3
[2015-04-30 23:36:12] EDIT Aarogya/controllers/default.py: 0
[2015-04-30 23:36:39] CREATE default/feedback_patient.html.py: 0
[2015-04-30 23:37:27] EDIT Aarogya/models/default/feedback_patient.html.py: 4
[2015-04-30 23:37:32] EDIT Aarogya/models/default/feedback_patient.html.py: 0
[2015-04-30 23:37:45] EDIT Aarogya/models/default/feedback_patient.html.py: 0
[2015-04-30 23:37:46] EDIT Aarogya/models/default/feedback_patient.html.py: 0
[2015-04-30 23:37:47] EDIT Aarogya/models/default/feedback_patient.html.py: 0
[2015-04-30 23:38:08] EDIT Aarogya/models/default/feedback_patient.html.py: 0
[2015-04-30 23:39:16] CREATE default/feedback_patient.html: 0
[2015-04-30 23:39:21] EDIT Aarogya/views/default/feedback_patient.html: 1
[2015-04-30 23:39:30] EDIT Aarogya/views/default/feedback_patient.html: 0
[2015-04-30 23:41:00] EDIT Aarogya/views/playout.html: 0
[2015-04-30 23:43:11] EDIT Aarogya/models/db.py: 3
[2015-04-30 23:44:41] EDIT Aarogya/models/db.py: 0
[2015-04-30 23:46:21] EDIT Aarogya/controllers/default.py: 8
[2015-04-30 23:46:50] EDIT Aarogya/controllers/default.py: -2
[2015-04-30 23:46:51] EDIT Aarogya/controllers/default.py: 0
[2015-04-30 23:47:00] EDIT Aarogya/controllers/default.py: 0
[2015-04-30 23:47:12] EDIT Aarogya/controllers/default.py: 0
[2015-04-30 23:47:14] EDIT Aarogya/controllers/default.py: 0
[2015-04-30 23:47:15] EDIT Aarogya/controllers/default.py: 0
[2015-04-30 23:47:20] EDIT Aarogya/controllers/default.py: 0
[2015-05-01 00:32:30] EDIT Aarogya/controllers/default.py: 0
[2015-05-01 00:41:59] EDIT Aarogya/models/db.py: 2
[2015-05-01 00:50:16] EDIT Aarogya/models/db.py: 0
[2015-05-01 00:52:05] EDIT Aarogya/controllers/default.py: 0
[2015-05-01 00:52:08] EDIT Aarogya/models/db.py: 0
[2015-05-01 10:23:46] EDIT Aarogya/controllers/default.py: 1
[2015-05-01 10:24:07] EDIT Aarogya/controllers/default.py: 0
[2015-05-01 10:25:47] EDIT Aarogya/controllers/default.py: 4
[2015-05-01 10:25:48] EDIT Aarogya/controllers/default.py: 0
[2015-05-01 10:26:21] EDIT Aarogya/controllers/default.py: 0
[2015-05-01 10:26:24] EDIT Aarogya/controllers/default.py: 0
[2015-05-01 10:26:28] EDIT Aarogya/controllers/default.py: 0
[2015-05-01 10:30:58] EDIT Aarogya/models/db.py: 1
[2015-05-01 10:38:03] EDIT Aarogya/controllers/default.py: 3
[2015-05-01 10:38:12] EDIT Aarogya/controllers/default.py: 0
[2015-05-01 10:38:14] EDIT Aarogya/controllers/default.py: 0
[2015-05-01 10:38:48] EDIT Aarogya/controllers/default.py: 1
[2015-05-01 10:41:08] EDIT Aarogya/controllers/default.py: 0
[2015-05-01 10:44:35] EDIT Aarogya/controllers/default.py: 0
[2015-05-01 10:45:37] EDIT Aarogya/views/layout_user.html: 0
[2015-05-01 10:46:36] EDIT Aarogya/controllers/default.py: 0
[2015-05-01 10:47:19] EDIT Aarogya/controllers/default.py: 0
[2015-05-01 10:47:31] EDIT Aarogya/controllers/default.py: 0
[2015-05-01 10:47:35] EDIT Aarogya/controllers/default.py: 0
[2015-05-01 10:47:35] EDIT Aarogya/controllers/default.py: 0
[2015-05-01 10:47:41] EDIT Aarogya/controllers/default.py: 0
[2015-05-01 10:47:42] EDIT Aarogya/controllers/default.py: 0
[2015-05-01 10:48:01] EDIT Aarogya/views/default/feedback_patient.html: -1
[2015-05-01 10:48:14] EDIT Aarogya/views/default/appointment_patient.html: -1
[2015-05-01 10:48:26] EDIT Aarogya/views/default/medicine_patient.html: -1
[2015-05-01 10:48:36] EDIT Aarogya/views/default/report_patient.html: -1
[2015-05-01 10:50:23] EDIT Aarogya/views/layout_user.html: 0
[2015-05-01 10:50:42] EDIT Aarogya/views/layout_user.html: 0
[2015-05-01 10:50:49] EDIT Aarogya/views/layout_user.html: 0
[2015-05-01 10:51:15] EDIT Aarogya/controllers/default.py: -1
[2015-05-01 10:51:32] EDIT Aarogya/controllers/default.py: 0
[2015-05-01 10:52:02] EDIT Aarogya/controllers/default.py: 0
[2015-05-01 10:53:46] EDIT Aarogya/models/menu.py: 1
[2015-05-01 10:53:58] EDIT Aarogya/models/menu.py: 0
[2015-05-01 11:00:07] EDIT Aarogya/models/menu.py: 0
[2015-05-01 11:05:13] EDIT Aarogya/models/db.py: 0
[2015-05-01 11:18:03] EDIT Aarogya/controllers/default.py: 13
[2015-05-01 11:18:15] EDIT Aarogya/controllers/default.py: 0
[2015-05-01 11:24:03] EDIT Aarogya/controllers/default.py: -1
[2015-05-01 11:24:44] EDIT Aarogya/controllers/default.py: 0
[2015-05-01 11:26:33] EDIT Aarogya/models/menu.py: 0
[2015-05-01 11:26:40] EDIT Aarogya/models/menu.py: 0
[2015-05-01 11:26:53] EDIT Aarogya/controllers/default.py: 0
[2015-05-01 11:28:03] EDIT Aarogya/controllers/default.py: 1
[2015-05-01 11:28:28] EDIT Aarogya/controllers/default.py: 0
[2015-05-01 11:28:36] EDIT Aarogya/controllers/default.py: 0
[2015-05-01 11:28:49] EDIT Aarogya/controllers/default.py: -1
[2015-05-01 11:29:16] EDIT Aarogya/controllers/default.py: -1
[2015-05-01 11:29:25] EDIT Aarogya/controllers/default.py: 0
[2015-05-01 11:29:30] EDIT Aarogya/controllers/default.py: 0
[2015-05-01 11:37:08] EDIT Aarogya/controllers/default.py: 0
[2015-05-01 11:37:24] EDIT Aarogya/controllers/default.py: 0
[2015-05-01 11:37:50] EDIT Aarogya/controllers/default.py: 3
[2015-05-01 11:38:17] EDIT Aarogya/controllers/default.py: 0
[2015-05-01 11:38:43] EDIT Aarogya/controllers/default.py: -2
[2015-05-01 11:40:27] EDIT Aarogya/controllers/default.py: 0
[2015-05-01 11:41:09] EDIT Aarogya/models/db.py: 0
[2015-05-01 11:43:21] EDIT Aarogya/controllers/default.py: 0
[2015-05-01 11:44:02] EDIT Aarogya/controllers/default.py: 0
[2015-05-01 11:44:24] EDIT Aarogya/controllers/default.py: 0
[2015-05-01 11:44:24] EDIT Aarogya/controllers/default.py: 0
[2015-05-01 11:44:24] EDIT Aarogya/controllers/default.py: 0
[2015-05-01 11:45:06] EDIT Aarogya/controllers/default.py: 0
[2015-05-01 11:45:25] EDIT Aarogya/controllers/default.py: 0
[2015-05-01 11:45:37] EDIT Aarogya/controllers/default.py: 0
[2015-05-01 11:46:27] EDIT Aarogya/controllers/default.py: 0
[2015-05-01 11:47:11] EDIT Aarogya/controllers/default.py: 0
[2015-05-01 11:47:41] EDIT Aarogya/controllers/default.py: 0
[2015-05-01 11:49:50] EDIT Aarogya/controllers/default.py: 0
[2015-05-01 11:56:46] EDIT Aarogya/controllers/default.py: 1
[2015-05-01 11:57:03] EDIT Aarogya/controllers/default.py: 0
[2015-05-01 11:59:17] EDIT Aarogya/views/playout.html: 0
[2015-05-01 12:00:13] EDIT Aarogya/controllers/default.py: -1
[2015-05-01 12:00:18] EDIT Aarogya/controllers/default.py: 0
[2015-05-01 12:00:44] EDIT Aarogya/controllers/default.py: 0
[2015-05-01 12:00:49] EDIT Aarogya/models/menu.py: 0
[2015-05-01 12:01:15] EDIT Aarogya/controllers/default.py: 0
[2015-05-01 12:02:04] EDIT Aarogya/controllers/default.py: 1
[2015-05-01 12:02:09] EDIT Aarogya/controllers/default.py: 0
[2015-05-01 12:02:36] EDIT Aarogya/controllers/default.py: -1
[2015-05-01 12:03:30] EDIT Aarogya/models/menu.py: 0
[2015-05-01 12:03:31] EDIT Aarogya/models/menu.py: 0
[2015-05-01 12:05:17] EDIT Aarogya/controllers/default.py: 3
[2015-05-01 12:10:26] EDIT Aarogya/controllers/default.py: 1
[2015-05-01 12:10:45] EDIT Aarogya/controllers/default.py: 0
[2015-05-01 12:11:05] EDIT Aarogya/controllers/default.py: 0
[2015-05-01 12:12:39] EDIT Aarogya/controllers/default.py: 3
[2015-05-01 12:12:57] EDIT Aarogya/controllers/default.py: 0
[2015-05-01 12:39:57] EDIT Aarogya/models/db.py: 5
[2015-05-01 12:40:11] EDIT Aarogya/models/db.py: 0
[2015-05-01 12:40:25] EDIT Aarogya/models/db.py: 0
[2015-05-01 12:40:37] EDIT Aarogya/models/db.py: 0
[2015-05-01 12:40:50] EDIT Aarogya/models/db.py: 0
[2015-05-01 12:41:43] EDIT Aarogya/models/db.py: 0
[2015-05-01 12:41:56] EDIT Aarogya/models/db.py: 0
[2015-05-01 12:42:12] EDIT Aarogya/models/db.py: 0
[2015-05-01 13:39:38] EDIT Aarogya/models/db.py: 0
[2015-05-01 13:40:04] EDIT Aarogya/models/db.py: -1
[2015-05-01 13:40:08] EDIT Aarogya/models/db.py: 0
[2015-05-01 13:41:26] EDIT Aarogya/models/db.py: -1
[2015-05-01 13:41:29] EDIT Aarogya/models/db.py: 0
[2015-05-01 13:42:31] EDIT Aarogya/models/db.py: 0
[2015-05-01 13:42:46] EDIT Aarogya/models/db.py: 0
[2015-05-01 13:42:52] EDIT Aarogya/models/db.py: 0
[2015-05-01 13:43:41] EDIT Aarogya/models/db.py: -1
[2015-05-01 13:58:44] EDIT Aarogya/models/db.py: -4
[2015-05-01 14:04:01] EDIT Aarogya/models/db.py: 1
[2015-05-01 14:04:26] EDIT Aarogya/models/db.py: 0
[2015-05-01 14:04:35] EDIT Aarogya/models/db.py: 0
[2015-05-01 14:09:13] EDIT Aarogya/models/db.py: 2
[2015-05-01 14:09:40] EDIT Aarogya/models/db.py: 1
[2015-05-01 14:09:51] EDIT Aarogya/models/db.py: 0
[2015-05-01 14:25:35] EDIT Aarogya/models/db.py: 0
[2015-05-01 14:25:38] EDIT Aarogya/models/db.py: 0
[2015-05-01 14:26:44] EDIT Aarogya/models/db.py: 0
[2015-05-01 14:27:01] EDIT Aarogya/models/db.py: -1
[2015-05-01 14:27:36] EDIT Aarogya/models/db.py: -1
[2015-05-01 14:29:04] EDIT Aarogya/models/db.py: 0
[2015-05-01 14:29:57] EDIT Aarogya/models/db.py: 0
[2015-05-01 14:30:36] EDIT Aarogya/models/db.py: 0
[2015-05-01 14:30:47] EDIT Aarogya/models/db.py: 0
[2015-05-01 14:31:01] EDIT Aarogya/models/db.py: 0
[2015-05-01 14:32:25] EDIT Aarogya/models/db.py: 0
[2015-05-01 14:32:41] EDIT Aarogya/models/db.py: 0
[2015-05-01 14:34:16] EDIT Aarogya/models/db.py: 0
[2015-05-01 14:34:46] EDIT Aarogya/models/db.py: 0
[2015-05-01 14:34:52] EDIT Aarogya/models/db.py: 0
[2015-05-01 14:35:11] EDIT Aarogya/models/db.py: 0
[2015-05-01 14:35:12] EDIT Aarogya/models/db.py: 0
[2015-05-01 14:35:31] EDIT Aarogya/models/db.py: 0
[2015-05-01 14:35:32] EDIT Aarogya/models/db.py: 0
[2015-05-01 14:35:55] EDIT Aarogya/models/db.py: -1
[2015-05-01 14:36:10] EDIT Aarogya/models/db.py: -1
[2015-05-01 14:36:11] EDIT Aarogya/models/db.py: 0
[2015-05-01 14:37:47] EDIT Aarogya/controllers/default.py: -35
[2015-05-01 14:38:37] EDIT Aarogya/models/db.py: 0
[2015-05-01 14:39:59] EDIT Aarogya/models/db.py: 0
[2015-05-01 14:40:00] EDIT Aarogya/models/db.py: 0
[2015-05-01 14:43:42] EDIT Aarogya/controllers/default.py: 0
[2015-05-01 14:43:43] EDIT Aarogya/controllers/default.py: 0
[2015-05-01 14:44:09] EDIT Aarogya/controllers/default.py: 1
[2015-05-01 14:45:44] EDIT Aarogya/models/menu.py: 0
[2015-05-01 14:47:39] EDIT Aarogya/controllers/default.py: 0
[2015-05-01 14:51:02] EDIT Aarogya/controllers/default.py: -1
[2015-05-01 14:51:06] EDIT Aarogya/controllers/default.py: 0
[2015-05-01 14:51:25] EDIT Aarogya/controllers/default.py: 0
[2015-05-01 14:56:37] EDIT Aarogya/controllers/default.py: 2
[2015-05-01 14:57:33] EDIT Aarogya/controllers/default.py: -1
[2015-05-01 14:57:39] EDIT Aarogya/controllers/default.py: 0
[2015-05-01 14:58:16] EDIT Aarogya/controllers/default.py: 0
[2015-05-01 14:58:51] EDIT Aarogya/controllers/default.py: 0
[2015-05-01 14:59:45] EDIT Aarogya/controllers/default.py: 0
[2015-05-01 15:02:32] EDIT Aarogya/controllers/default.py: 0
[2015-05-01 15:04:39] EDIT Aarogya/controllers/default.py: 4
[2015-05-01 15:05:03] EDIT Aarogya/controllers/default.py: 0
[2015-05-01 15:05:06] EDIT Aarogya/controllers/default.py: 0
[2015-05-01 15:05:11] EDIT Aarogya/controllers/default.py: 0
[2015-05-01 15:05:15] EDIT Aarogya/controllers/default.py: 0
[2015-05-01 15:05:16] EDIT Aarogya/controllers/default.py: 0
[2015-05-01 15:05:22] EDIT Aarogya/controllers/default.py: 0
[2015-05-01 15:05:23] EDIT Aarogya/controllers/default.py: 0
[2015-05-01 15:05:27] EDIT Aarogya/controllers/default.py: 0
[2015-05-01 15:05:38] EDIT Aarogya/controllers/default.py: 0
[2015-05-01 15:06:52] EDIT Aarogya/controllers/default.py: 6
[2015-05-01 15:07:06] EDIT Aarogya/controllers/default.py: -1
[2015-05-01 15:07:09] EDIT Aarogya/controllers/default.py: 0
[2015-05-01 15:07:40] EDIT Aarogya/controllers/default.py: 0
[2015-05-01 15:09:23] EDIT Aarogya/controllers/default.py: 0
[2015-05-01 15:11:57] EDIT Aarogya/models/menu.py: 0
[2015-05-01 15:13:16] EDIT Aarogya/views/layout_user.html: 0
[2015-05-01 15:19:18] EDIT Aarogya/views/default/user.html: -8
[2015-05-01 15:21:13] EDIT Aarogya/views/default/report_patient.html: 22
[2015-05-01 15:23:05] EDIT Aarogya/views/default/report_patient.html: -1
[2015-05-01 15:24:18] EDIT Aarogya/views/default/report_patient.html: -13
[2015-05-01 15:30:03] EDIT Aarogya/models/menu.py: 0
[2015-05-01 15:30:11] EDIT Aarogya/models/menu.py: -1
[2015-05-01 15:33:08] EDIT Aarogya/views/layout_user.html: 1
[2015-05-01 15:33:47] EDIT Aarogya/controllers/default.py: 0
[2015-05-01 15:36:43] EDIT Aarogya/views/default/user.html: 0
[2015-05-01 15:39:04] EDIT Aarogya/controllers/default.py: 1
[2015-05-01 15:39:50] EDIT Aarogya/controllers/default.py: 1
[2015-05-01 15:41:41] EDIT Aarogya/views/default/report_patient.html: -8
[2015-05-01 15:44:45] EDIT Aarogya/views/default/report_patient.html: 0
[2015-05-01 15:47:11] EDIT Aarogya/views/default/report_patient.html: 0
[2015-05-01 15:48:37] EDIT Aarogya/views/layout_user.html: -11
[2015-05-01 15:49:55] EDIT Aarogya/views/layout_user.html: -8
[2015-05-01 15:51:09] EDIT Aarogya/views/layout_user.html: -5
[2015-05-01 15:51:23] EDIT Aarogya/views/layout_user.html: -9
[2015-05-01 15:51:42] EDIT Aarogya/views/layout_user.html: 22
[2015-05-01 15:52:05] EDIT Aarogya/views/layout_user.html: 11
[2015-05-01 15:53:04] EDIT Aarogya/views/layout_user.html: 0
[2015-05-01 15:53:21] EDIT Aarogya/views/layout_user.html: 0
[2015-05-01 15:56:41] EDIT Aarogya/views/layout_user.html: -1
[2015-05-01 15:57:23] EDIT Aarogya/views/layout_user.html: 0
[2015-05-01 16:00:12] CREATE layout_user_temp.html: 0
[2015-05-01 16:01:56] EDIT Aarogya/views/layout_user_temp.html: 102
[2015-05-01 16:02:11] EDIT Aarogya/views/default/report_patient.html: 0
[2015-05-01 16:05:35] EDIT Aarogya/views/layout_user_temp.html: 52
[2015-05-01 16:12:37] EDIT Aarogya/controllers/default.py: 4
[2015-05-01 16:12:47] EDIT Aarogya/controllers/default.py: 1
[2015-05-01 16:12:54] EDIT Aarogya/controllers/default.py: -1
[2015-05-01 16:16:00] EDIT Aarogya/views/default/appointment_patient.html: 0
[2015-05-01 16:16:04] EDIT Aarogya/views/default/report_patient.html: 0
[2015-05-01 16:20:42] EDIT Aarogya/models/menu.py: 0
[2015-05-01 16:21:24] EDIT Aarogya/models/menu.py: 0
[2015-05-01 16:22:01] EDIT Aarogya/models/menu.py: 0
[2015-05-01 16:22:27] EDIT Aarogya/models/menu.py: 0
[2015-05-01 16:25:16] EDIT Aarogya/models/menu.py: 0
[2015-05-01 16:25:37] EDIT Aarogya/models/menu.py: 0
[2015-05-01 16:27:24] EDIT Aarogya/models/menu.py: 0
[2015-05-01 16:27:49] EDIT Aarogya/models/menu.py: 0
[2015-05-01 16:28:38] EDIT Aarogya/models/menu.py: 0
[2015-05-01 16:29:17] EDIT Aarogya/controllers/default.py: 0
[2015-05-01 16:31:21] CREATE default/appointments_doctor.html: 0
[2015-05-01 16:31:32] EDIT Aarogya/views/default/appointments_doctor.html: -2
[2015-05-01 16:34:59] EDIT Aarogya/models/db.py: 1
[2015-05-01 16:37:24] EDIT Aarogya/views/default/appointments_doctor.html: 1
[2015-05-01 16:37:43] EDIT Aarogya/controllers/default.py: 5
[2015-05-01 16:39:33] EDIT Aarogya/controllers/default.py: -1
[2015-05-01 16:40:49] EDIT Aarogya/controllers/default.py: 0
[2015-05-01 16:43:20] EDIT Aarogya/controllers/default.py: 1
[2015-05-01 16:43:49] EDIT Aarogya/views/default/appointments_doctor.html: 30
[2015-05-01 16:44:20] EDIT Aarogya/views/default/appointments_doctor.html: -3
[2015-05-01 16:55:30] EDIT Aarogya/views/default/appointments_doctor.html: 2
[2015-05-01 16:58:29] CREATE layout_appointments_doctor.html: 0
[2015-05-01 16:58:44] EDIT Aarogya/views/layout_appointments_doctor.html: 154
[2015-05-01 17:19:35] EDIT Aarogya/controllers/default.py: 0
[2015-05-01 17:36:22] EDIT Aarogya/views/default/mycal_d.html: -1
[2015-05-01 17:36:43] EDIT Aarogya/views/default/mycal_d.html: 0
[2015-05-01 17:37:03] EDIT Aarogya/views/default/mycal_d.html: 0
[2015-05-01 17:37:30] EDIT Aarogya/views/default/appointments_doctor.html: 3
[2015-05-01 17:37:46] EDIT Aarogya/views/default/appointments_doctor.html: -3
[2015-05-01 17:37:59] EDIT Aarogya/views/default/appointments_doctor.html: -2
[2015-05-01 17:38:30] EDIT Aarogya/views/default/appointments_doctor.html: 0
[2015-05-01 17:42:33] EDIT Aarogya/views/default/appointments_doctor.html: 0
[2015-05-01 17:43:32] EDIT Aarogya/views/default/appointments_doctor.html: 0
[2015-05-01 17:44:10] EDIT Aarogya/views/default/appointments_doctor.html: 3
[2015-05-01 17:45:38] EDIT Aarogya/views/default/appointments_doctor.html: -3
[2015-05-01 17:48:16] EDIT Aarogya/models/menu.py: 0
[2015-05-01 17:48:22] EDIT Aarogya/controllers/default.py: 0
[2015-05-01 17:49:26] EDIT Aarogya/controllers/default.py: 0
[2015-05-01 17:51:47] EDIT Aarogya/views/default/mycal.html: 0
[2015-05-01 19:05:33] EDIT Aarogya/controllers/default.py: 0
[2015-05-01 19:08:40] EDIT Aarogya/views/default/index.html: 0
[2015-05-01 19:32:30] EDIT Aarogya/controllers/default.py: 1
[2015-05-02 11:41:11] EDIT Aarogya_back_up/models/db.py: 0
[2015-05-02 11:42:30] EDIT Aarogya_back_up/controllers/default.py: 6
[2015-05-02 11:43:16] EDIT Aarogya_back_up/controllers/default.py: 0
[2015-05-02 11:43:28] EDIT Aarogya_back_up/controllers/default.py: 0
[2015-05-02 12:50:46] EDIT Aarogya_copy/controllers/default.py: 10
[2015-05-02 12:57:51] CREATE default/profile_doctor.html: 0
[2015-05-02 12:58:06] EDIT Aarogya_copy/views/default/profile_doctor.html: -1
[2015-05-02 13:06:59] EDIT Aarogya_copy/models/db.py: 0
[2015-05-02 13:07:50] EDIT Aarogya_copy/models/db.py: 0
[2015-05-02 13:08:19] EDIT Aarogya_copy/models/db.py: 0
[2015-05-02 13:09:17] EDIT Aarogya_copy/models/db.py: 0
[2015-05-02 13:09:43] EDIT Aarogya_copy/models/db.py: 0
[2015-05-02 13:10:38] EDIT Aarogya_copy/models/db.py: 0
[2015-05-02 13:12:24] CREATE default/profile_patient.html: 0
[2015-05-02 13:12:47] EDIT Aarogya_copy/views/default/profile_patient.html: -1
[2015-05-02 13:23:30] EDIT Aarogya_copy/models/db.py: 0
[2015-05-02 13:26:26] EDIT Aarogya_copy/models/db.py: 0
[2015-05-02 13:28:32] EDIT Aarogya_copy/models/db.py: 0
[2015-05-02 13:50:12] EDIT Aarogya_copy/models/db.py: 2
[2015-05-02 14:25:18] EDIT Aarogya_copy/models/db.py: -3
[2015-05-02 14:26:52] EDIT Aarogya_copy/models/db.py: 0
[2015-05-02 14:28:30] EDIT Aarogya_copy/models/db.py: 1
[2015-05-02 14:28:35] EDIT Aarogya_copy/models/db.py: 0
[2015-05-02 14:29:18] EDIT Aarogya_copy/models/db.py: -10
[2015-05-02 14:54:41] EDIT Aarogya_copy/controllers/default.py: 0
[2015-05-02 14:54:56] EDIT Aarogya_copy/controllers/default.py: 0
[2015-05-02 14:55:11] EDIT Aarogya_copy/controllers/default.py: 0
[2015-05-02 14:57:40] EDIT Aarogya_copy/controllers/default.py: 0
[2015-05-02 15:04:22] EDIT Aarogya_copy/controllers/default.py: 0
[2015-05-02 15:10:55] EDIT Aarogya_copy/controllers/default.py: 0
[2015-05-02 15:12:45] EDIT Aarogya_copy/controllers/default.py: 0
[2015-05-02 15:23:55] EDIT Aarogya_copy/controllers/default.py: 0
[2015-05-02 15:26:12] EDIT Aarogya_copy/models/db.py: 0
[2015-05-02 15:27:16] EDIT Aarogya_copy/models/db.py: 0
[2015-05-02 15:30:50] EDIT Aarogya_copy/models/db.py: 0
[2015-05-02 15:31:43] EDIT Aarogya_copy/models/db.py: 0
[2015-05-02 15:33:56] EDIT Aarogya_copy/models/db.py: 0
[2015-05-02 15:35:40] EDIT Aarogya_copy/controllers/default.py: 0
[2015-05-02 15:35:52] EDIT Aarogya_copy/controllers/default.py: 0
[2015-05-02 15:40:26] EDIT Aarogya_copy/models/db.py: 0
[2015-05-02 15:41:55] EDIT Aarogya_copy/controllers/default.py: -7
[2015-05-02 15:46:54] EDIT Aarogya_copy/controllers/default.py: 3
[2015-05-02 15:50:09] EDIT Aarogya_copy/controllers/default.py: -2
[2015-05-02 15:50:36] EDIT Aarogya_copy/controllers/default.py: 0
[2015-05-02 15:53:07] EDIT Aarogya_copy/controllers/default.py: 1
[2015-05-02 15:56:42] EDIT Aarogya_copy/controllers/default.py: 0
[2015-05-02 15:57:09] EDIT Aarogya_copy/controllers/default.py: 0
[2015-05-02 15:57:21] EDIT Aarogya_copy/controllers/default.py: 0
[2015-05-02 15:57:45] EDIT Aarogya_copy/controllers/default.py: 0
[2015-05-02 15:59:48] EDIT Aarogya_copy/controllers/default.py: 1
[2015-05-02 16:00:07] EDIT Aarogya_copy/controllers/default.py: 0
[2015-05-02 16:08:39] EDIT Aarogya_copy/controllers/default.py: 0
[2015-05-02 16:09:29] EDIT Aarogya_copy/models/menu.py: 0
[2015-05-02 16:09:38] EDIT Aarogya_copy/models/menu.py: 0
[2015-05-02 16:16:35] CREATE default/report_read.html: 0
[2015-05-02 16:16:54] EDIT Aarogya/views/default/report_read.html: -1
[2015-05-02 16:17:11] EDIT Aarogya/views/default/report_read.html: 0
[2015-05-02 16:17:19] EDIT Aarogya/controllers/default.py: 4
[2015-05-02 16:18:12] EDIT Aarogya/controllers/default.py: 0
[2015-05-02 16:27:04] EDIT Aarogya/models/db.py: -7
[2015-05-02 16:28:44] EDIT Aarogya/models/db.py: 1
[2015-05-02 16:29:07] EDIT Aarogya/models/db.py: 0
[2015-05-02 16:30:03] EDIT Aarogya/models/db.py: -1
[2015-05-02 16:31:41] EDIT Aarogya/controllers/default.py: 2
[2015-05-02 16:32:07] EDIT Aarogya/controllers/default.py: 0
[2015-05-02 16:32:41] EDIT Aarogya/views/default/report_read.html: 1
[2015-05-02 16:32:54] EDIT Aarogya/controllers/default.py: 0
[2015-05-02 16:33:20] EDIT Aarogya/controllers/default.py: 0
[2015-05-02 16:33:52] EDIT Aarogya/controllers/default.py: 0
[2015-05-02 16:34:45] EDIT Aarogya/controllers/default.py: 0
[2015-05-02 16:34:58] EDIT Aarogya/controllers/default.py: 0
[2015-05-02 16:36:05] EDIT Aarogya/controllers/default.py: -2
[2015-05-02 16:37:06] EDIT Aarogya/controllers/default.py: 2
[2015-05-02 16:37:40] EDIT Aarogya/views/default/report_read.html: 1
[2015-05-02 16:37:40] EDIT Aarogya/views/default/report_read.html: 0
[2015-05-02 16:39:42] EDIT Aarogya/models/db.py: 0
[2015-05-02 16:41:56] EDIT Aarogya/models/db.py: 0
[2015-05-02 16:43:39] EDIT Aarogya/models/db.py: 0
[2015-05-02 16:46:21] EDIT Aarogya/controllers/default.py: -7
[2015-05-02 16:50:21] EDIT Aarogya/models/db.py: -3
[2015-05-02 16:51:54] EDIT Aarogya/controllers/default.py: 0
[2015-05-02 16:52:49] EDIT Aarogya/models/db.py: -1
[2015-05-02 16:54:58] EDIT Aarogya/models/db.py: 4
[2015-05-02 16:55:03] EDIT Aarogya/models/db.py: 0
[2015-05-02 16:57:33] EDIT Aarogya/models/db.py: 1
[2015-05-02 16:59:52] EDIT Aarogya/models/db.py: 0
[2015-05-02 17:00:26] EDIT Aarogya/models/db.py: 0
[2015-05-02 17:00:42] EDIT Aarogya/models/db.py: 0
[2015-05-02 17:01:06] EDIT Aarogya/models/db.py: -2
[2015-05-02 17:01:54] EDIT Aarogya/models/db.py: 2
[2015-05-02 17:02:26] EDIT Aarogya/models/db.py: 0
[2015-05-02 17:03:07] EDIT Aarogya/models/db.py: 0
[2015-05-02 17:03:23] EDIT Aarogya/models/db.py: 0
[2015-05-02 17:03:43] EDIT Aarogya/models/db.py: 0
[2015-05-02 17:04:05] EDIT Aarogya/models/db.py: -1
[2015-05-02 17:04:44] EDIT Aarogya/models/db.py: 1
[2015-05-02 17:05:39] EDIT Aarogya/models/db.py: 0
[2015-05-02 17:05:52] EDIT Aarogya/models/db.py: 0
[2015-05-02 17:06:03] EDIT Aarogya/models/db.py: 0
[2015-05-02 17:06:44] EDIT Aarogya/models/db.py: 0
[2015-05-02 17:07:41] EDIT Aarogya/controllers/default.py: 0
[2015-05-02 17:51:16] EDIT Aarogya/controllers/default.py: 0
[2015-05-02 17:57:53] EDIT Aarogya/controllers/default.py: 0
[2015-05-02 17:58:16] EDIT Aarogya/models/db.py: 0
[2015-05-02 17:58:40] EDIT Aarogya/controllers/default.py: 0
[2015-05-02 17:59:13] EDIT Aarogya/controllers/default.py: -1
[2015-05-02 18:00:56] EDIT Aarogya/controllers/default.py: 0
[2015-05-02 18:02:14] EDIT Aarogya/controllers/default.py: 0
[2015-05-02 18:03:05] EDIT Aarogya/controllers/default.py: 0
[2015-05-02 18:03:45] EDIT Aarogya/controllers/default.py: 1
[2015-05-02 18:06:40] EDIT Aarogya/controllers/default.py: 0
[2015-05-02 18:07:07] EDIT Aarogya/controllers/default.py: 0
[2015-05-02 18:07:38] EDIT Aarogya/controllers/default.py: 0
[2015-05-02 18:09:56] EDIT Aarogya/controllers/default.py: 0
[2015-05-02 18:12:23] EDIT Aarogya/controllers/default.py: 0
[2015-05-02 18:20:04] EDIT Aarogya/views/default/report_patient.html: 1
[2015-05-02 18:20:17] EDIT Aarogya/views/default/report_patient.html: 0
[2015-05-02 18:20:28] EDIT Aarogya/views/default/report_patient.html: 1
[2015-05-02 18:21:04] EDIT Aarogya/views/default/report_patient.html: -2
[2015-05-02 18:21:13] EDIT Aarogya/controllers/default.py: 0
[2015-05-02 18:21:27] EDIT Aarogya/controllers/default.py: 0
[2015-05-02 18:22:02] EDIT Aarogya/views/default/report_patient.html: 2
[2015-05-02 18:23:31] EDIT Aarogya/views/default/report_patient.html: 1
[2015-05-02 18:24:19] EDIT Aarogya/views/default/report_patient.html: 1
[2015-05-02 18:24:38] EDIT Aarogya/views/default/report_patient.html: 0
[2015-05-02 18:24:57] EDIT Aarogya/views/default/report_patient.html: -4
[2015-05-02 18:25:16] EDIT Aarogya/controllers/default.py: 0
[2015-05-02 18:25:47] EDIT Aarogya/controllers/default.py: 0
[2015-05-02 18:25:59] EDIT Aarogya/controllers/default.py: 0
[2015-05-02 18:30:50] EDIT Aarogya/controllers/default.py: 2
[2015-05-02 18:30:59] EDIT Aarogya/controllers/default.py: -1
[2015-05-02 18:31:03] EDIT Aarogya/controllers/default.py: 0
[2015-05-02 18:32:13] EDIT Aarogya/controllers/default.py: 0
[2015-05-02 18:33:26] EDIT Aarogya/views/default/report_patient.html: 0
[2015-05-02 18:35:01] EDIT Aarogya/controllers/default.py: 0
[2015-05-02 18:35:20] EDIT Aarogya/controllers/default.py: 0
[2015-05-02 18:35:50] EDIT Aarogya/controllers/default.py: 0
[2015-05-02 18:40:23] EDIT Aarogya/views/default/appointment_patient.html: 0
[2015-05-02 18:50:10] EDIT Aarogya/views/default/medicine_patient.html: 0
[2015-05-02 18:51:14] EDIT Aarogya/controllers/default.py: 1
[2015-05-02 18:51:42] EDIT Aarogya/controllers/default.py: 0
[2015-05-02 18:51:57] EDIT Aarogya/controllers/default.py: 0
[2015-05-02 18:53:08] EDIT Aarogya/controllers/default.py: 1
[2015-05-02 18:55:41] EDIT Aarogya/views/default/report_doctor.html: 0
[2015-05-02 18:58:02] EDIT Aarogya/views/default/appointment_doctor.html: 0
[2015-05-02 18:58:20] EDIT Aarogya/views/default/appointment_doctor.html: -27
[2015-05-02 18:59:59] EDIT Aarogya/controllers/default.py: -9
[2015-05-02 19:01:46] EDIT Aarogya/views/default/feedback_patient.html: 1
[2015-05-02 19:02:12] EDIT Aarogya/controllers/default.py: 0
[2015-05-02 19:03:07] EDIT Aarogya/controllers/default.py: -3
[2015-05-02 19:03:12] EDIT Aarogya/views/default/feedback_patient.html: -1
[2015-05-02 19:03:39] EDIT Aarogya/controllers/default.py: 0
[2015-05-02 19:03:57] EDIT Aarogya/views/default/feedback_patient.html: 0
[2015-05-02 19:04:01] EDIT Aarogya/controllers/default.py: 0
[2015-05-02 19:06:05] EDIT Aarogya/models/db.py: 0
[2015-05-02 19:07:09] EDIT Aarogya/models/db.py: 0
[2015-05-02 19:08:49] EDIT Aarogya/models/db.py: 0
[2015-05-02 19:11:33] EDIT Aarogya/controllers/default.py: 0
[2015-05-02 19:22:19] EDIT Aarogya/views/default/medicine_doctor.html: 0
[2015-05-02 19:26:04] EDIT Aarogya/controllers/default.py: -3
[2015-05-02 19:31:42] EDIT Aarogya/controllers/default.py: 2
[2015-05-02 19:31:47] EDIT Aarogya/controllers/default.py: 0
[2015-05-02 19:33:04] EDIT Aarogya/controllers/default.py: 0
[2015-05-02 19:33:22] EDIT Aarogya/controllers/default.py: 0
[2015-05-02 19:35:28] EDIT Aarogya/models/db.py: 1
[2015-05-02 19:36:58] EDIT Aarogya/controllers/default.py: 0
[2015-05-02 19:37:56] EDIT Aarogya/views/default/medicine_doctor.html: 0
[2015-05-02 19:39:39] EDIT Aarogya/views/default/medicine_doctor.html: 2
[2015-05-02 19:42:58] EDIT Aarogya/models/db.py: -4
[2015-05-02 19:46:19] EDIT Aarogya/controllers/default.py: 0
[2015-05-02 19:47:55] EDIT Aarogya/controllers/default.py: 0
[2015-05-02 19:48:21] EDIT Aarogya/controllers/default.py: 0
[2015-05-02 19:51:03] EDIT Aarogya/controllers/default.py: 0
[2015-05-02 19:53:08] EDIT Aarogya/models/db.py: 0
[2015-05-02 19:53:48] CREATE default/request_doctor.html: 0
[2015-05-02 19:54:13] EDIT Aarogya/views/default/request_doctor.html: -1
[2015-05-02 19:55:27] EDIT Aarogya/models/menu.py: 1
[2015-05-02 19:55:51] EDIT Aarogya/models/menu.py: 0
[2015-05-02 19:55:56] EDIT Aarogya/models/menu.py: 0
[2015-05-02 19:56:11] EDIT Aarogya/views/default/request_doctor.html: 0
[2015-05-02 19:56:23] EDIT Aarogya/controllers/default.py: 2
[2015-05-02 19:56:57] EDIT Aarogya/views/default/medicine_doctor.html: -4
[2015-05-02 19:57:24] EDIT Aarogya/views/default/request_doctor.html: 1
[2015-05-02 20:16:10] EDIT Aarogya/views/default/Patient_index.html: 0
[2015-05-02 20:16:44] EDIT Aarogya/views/default/Patient_index.html: 0
[2015-05-02 21:40:28] EDIT Aarogya/controllers/default.py: 0
[2015-05-02 22:02:45] EDIT Aarogya/models/db.py: 1
[2015-05-02 22:06:17] EDIT Aarogya/models/db.py: 0
[2015-05-02 22:10:45] EDIT Aarogya/models/db.py: 0
[2015-05-02 22:46:21] EDIT Aarogya/models/db.py: 2
[2015-05-03 09:47:11] EDIT Aarogya/models/db.py: 0
[2015-05-03 09:48:38] EDIT Aarogya/models/db.py: 0
[2015-05-03 09:51:48] EDIT Aarogya/models/db.py: 0
[2015-05-03 10:12:10] EDIT Aarogya/models/db.py: 1
[2015-05-03 10:12:19] EDIT Aarogya/models/db.py: 0
[2015-05-03 10:12:26] EDIT Aarogya/models/db.py: 0
[2015-05-03 10:12:33] EDIT Aarogya/models/db.py: 0
[2015-05-03 10:12:39] EDIT Aarogya/models/db.py: 0
[2015-05-03 10:12:56] EDIT Aarogya/models/db.py: 0
[2015-05-03 10:13:12] EDIT Aarogya/models/db.py: 0
[2015-05-03 10:15:21] EDIT Aarogya/controllers/default.py: 3
[2015-05-03 10:15:37] EDIT Aarogya/controllers/default.py: 0
[2015-05-03 10:16:05] EDIT Aarogya/controllers/default.py: 0
[2015-05-03 10:16:50] EDIT Aarogya/controllers/default.py: 0
[2015-05-03 10:17:33] EDIT Aarogya/controllers/default.py: 1
[2015-05-03 10:18:07] EDIT Aarogya/controllers/default.py: 1
[2015-05-03 10:19:03] EDIT Aarogya/controllers/default.py: 0
[2015-05-03 10:19:16] EDIT Aarogya/controllers/default.py: 0
[2015-05-03 10:19:24] EDIT Aarogya/controllers/default.py: 0
[2015-05-03 10:19:49] EDIT Aarogya/models/db.py: 0
[2015-05-03 10:20:40] EDIT Aarogya/models/db.py: 0
[2015-05-03 10:21:02] EDIT Aarogya/models/db.py: 0
[2015-05-03 10:22:24] EDIT Aarogya/controllers/default.py: -1
[2015-05-03 10:23:08] EDIT Aarogya/controllers/default.py: 1
[2015-05-03 10:23:56] EDIT Aarogya/controllers/default.py: 1
[2015-05-03 10:24:52] EDIT Aarogya/models/db.py: 0
[2015-05-03 10:26:11] EDIT Aarogya/controllers/default.py: 0
[2015-05-03 10:27:29] EDIT Aarogya/controllers/default.py: 1
[2015-05-03 10:28:03] EDIT Aarogya/controllers/default.py: -1
[2015-05-03 10:34:56] EDIT Aarogya/controllers/default.py: 2
[2015-05-03 10:36:39] EDIT Aarogya/controllers/default.py: 0
[2015-05-03 10:37:25] EDIT Aarogya/controllers/default.py: 0
[2015-05-03 10:38:48] EDIT Aarogya/controllers/default.py: 0
[2015-05-03 10:39:08] EDIT Aarogya/controllers/default.py: 0
[2015-05-03 10:44:37] EDIT Aarogya/controllers/default.py: 2
[2015-05-03 10:45:08] EDIT Aarogya/controllers/default.py: 0
[2015-05-03 10:49:24] EDIT Aarogya/views/default/user.html: 0
[2015-05-03 10:50:08] EDIT Aarogya/controllers/default.py: 0
[2015-05-03 10:52:27] EDIT Aarogya/controllers/default.py: 0
[2015-05-03 10:54:48] EDIT Aarogya/views/default/user.html: 0
[2015-05-03 10:55:19] EDIT Aarogya/views/default/user.html: 0
[2015-05-03 10:57:31] EDIT Aarogya/views/layout_user.html: 0
[2015-05-03 11:02:06] EDIT Aarogya/views/layout_report.html: 0
[2015-05-03 11:03:45] EDIT Aarogya/views/layout_report.html: -7
[2015-05-03 11:07:46] EDIT Aarogya/views/layout_report.html: -6
[2015-05-03 11:08:05] EDIT Aarogya/views/layout_report.html: 5
[2015-05-03 11:08:19] EDIT Aarogya/views/layout_report.html: 0
[2015-05-03 11:08:39] EDIT Aarogya/views/layout_report.html: -1
[2015-05-03 11:08:49] EDIT Aarogya/views/layout_report.html: -1
[2015-05-03 11:09:20] EDIT Aarogya/views/layout_user.html: 1
[2015-05-03 11:09:36] EDIT Aarogya/views/layout_user.html: 0
[2015-05-03 11:09:55] EDIT Aarogya/views/default/appointment_doctor.html: 0
[2015-05-03 11:11:04] EDIT Aarogya/views/layout_user.html: -1
[2015-05-03 11:14:39] CREATE layout_others.html: 0
[2015-05-03 11:14:52] EDIT Aarogya/views/layout_others.html: 154
[2015-05-03 11:15:20] EDIT Aarogya/views/layout_others.html: 3
[2015-05-03 11:15:36] EDIT Aarogya/views/default/appointment_doctor.html: 0
[2015-05-03 11:18:37] EDIT Aarogya/views/layout_others.html: 0
[2015-05-03 11:19:01] EDIT Aarogya/views/layout_others.html: -6
[2015-05-03 11:20:23] EDIT Aarogya/views/layout_others.html: 0
[2015-05-03 11:20:33] EDIT Aarogya/views/layout_others.html: -1
[2015-05-03 11:21:46] EDIT Aarogya/views/layout_others.html: 0
[2015-05-03 11:23:48] EDIT Aarogya/views/layout_others.html: -6
[2015-05-03 11:24:24] EDIT Aarogya/views/layout_others.html: 4
[2015-05-03 11:25:02] EDIT Aarogya/views/layout_others.html: 0
[2015-05-03 11:25:09] EDIT Aarogya/views/layout_others.html: 0
[2015-05-03 11:25:22] EDIT Aarogya/views/layout_others.html: 0
[2015-05-03 11:25:30] EDIT Aarogya/views/layout_others.html: 1
[2015-05-03 11:25:55] EDIT Aarogya/views/layout_others.html: 1
[2015-05-03 11:26:18] EDIT Aarogya/views/layout_others.html: 0
[2015-05-03 11:26:37] EDIT Aarogya/views/layout_others.html: 0
[2015-05-03 11:26:44] EDIT Aarogya/views/layout_others.html: 0
[2015-05-03 11:27:27] EDIT Aarogya/views/layout_others.html: 1
[2015-05-03 11:27:34] EDIT Aarogya/views/layout_others.html: 0
[2015-05-03 11:32:04] EDIT Aarogya/views/layout_others.html: 0
[2015-05-03 11:32:16] EDIT Aarogya/views/layout_others.html: 0
[2015-05-03 11:32:32] EDIT Aarogya/views/layout_others.html: 0
[2015-05-03 11:35:42] EDIT Aarogya/views/layout_others.html: 0
[2015-05-03 11:36:09] EDIT Aarogya/views/layout_others.html: 0
[2015-05-03 11:38:40] EDIT Aarogya/views/layout_others.html: 0
[2015-05-03 11:38:53] EDIT Aarogya/views/layout_others.html: 1
[2015-05-03 11:40:19] EDIT Aarogya/views/layout_others.html: 0
[2015-05-03 11:41:34] EDIT Aarogya/views/layout_others.html: 0
[2015-05-03 11:43:06] EDIT Aarogya/views/layout_others.html: 1
[2015-05-03 11:43:17] EDIT Aarogya/views/layout_others.html: -1
[2015-05-03 11:43:29] EDIT Aarogya/views/layout_others.html: 0
[2015-05-03 11:44:02] EDIT Aarogya/views/layout_others.html: 0
[2015-05-03 11:46:12] EDIT Aarogya/views/layout_others.html: 6
[2015-05-03 11:47:17] EDIT Aarogya/views/layout_others.html: -5
[2015-05-03 11:47:31] EDIT Aarogya/views/layout_others.html: -1
[2015-05-03 11:48:02] EDIT Aarogya/views/layout_others.html: 0
[2015-05-03 11:48:12] EDIT Aarogya/views/layout_others.html: 0
[2015-05-03 11:49:27] EDIT Aarogya/views/layout_others.html: 2
[2015-05-03 11:49:37] EDIT Aarogya/views/layout_others.html: 0
[2015-05-03 11:49:56] EDIT Aarogya/views/layout_others.html: 0
[2015-05-03 11:50:13] EDIT Aarogya/views/layout_others.html: 0
[2015-05-03 11:50:29] EDIT Aarogya/views/layout_others.html: 0
[2015-05-03 11:50:46] EDIT Aarogya/views/layout_others.html: 0
[2015-05-03 11:50:58] EDIT Aarogya/views/layout_others.html: -1
[2015-05-03 11:51:28] EDIT Aarogya/views/layout_others.html: 0
[2015-05-03 11:52:27] EDIT Aarogya/views/layout_others.html: 0
[2015-05-03 11:52:59] EDIT Aarogya/views/layout_others.html: 0
[2015-05-03 11:53:37] EDIT Aarogya/views/layout_others.html: -1
[2015-05-03 11:55:19] EDIT Aarogya/views/layout_others.html: -1
[2015-05-03 11:55:48] EDIT Aarogya/views/layout_others.html: 1
[2015-05-03 11:57:13] EDIT Aarogya/views/layout_others.html: 2
[2015-05-03 11:57:57] EDIT Aarogya/views/layout_user.html: 0
[2015-05-03 12:00:35] EDIT Aarogya/views/layout_temp.html: 0
[2015-05-03 12:09:43] EDIT Aarogya/views/layout_temp.html: 0
[2015-05-03 12:10:24] EDIT Aarogya/views/layout_temp.html: 0
[2015-05-03 12:16:30] EDIT Aarogya/views/layout_temp.html: 0
[2015-05-03 12:19:04] EDIT Aarogya/views/layout_temp.html: 1
[2015-05-03 12:21:34] EDIT Aarogya/views/layout_temp.html: 0
[2015-05-03 12:24:02] EDIT Aarogya/views/playout.html: -926
[2015-05-03 12:24:49] EDIT Aarogya/views/playout.html: -6
[2015-05-03 12:26:41] EDIT Aarogya/views/playout.html: 0
[2015-05-03 12:27:42] EDIT Aarogya/views/default/report_doctor.html: 0
[2015-05-03 12:28:10] EDIT Aarogya/views/default/medicine_doctor.html: 0
[2015-05-03 12:29:15] EDIT Aarogya/views/default/report_patient.html: 0
[2015-05-03 12:29:25] EDIT Aarogya/views/default/appointment_patient.html: 0
[2015-05-03 12:29:42] EDIT Aarogya/views/default/medicine_patient.html: 0
[2015-05-03 13:33:47] EDIT Aarogya/controllers/default.py: 4
[2015-05-03 13:35:26] EDIT Aarogya/models/menu.py: 1
[2015-05-03 13:35:36] EDIT Aarogya/controllers/default.py: 0
[2015-05-03 13:45:10] EDIT Aarogya/views/default/mycal.html: -1
[2015-05-03 13:48:20] EDIT Aarogya/views/default/mycal.html: 0
[2015-05-03 13:50:19] EDIT Aarogya/models/db.py: 0
[2015-05-03 13:50:30] EDIT Aarogya/models/db.py: 0
[2015-05-03 13:52:00] EDIT Aarogya/models/db.py: 0
[2015-05-03 13:52:05] EDIT Aarogya/models/db.py: 0
[2015-05-03 13:53:31] EDIT Aarogya/models/db.py: 0
[2015-05-03 13:54:11] EDIT Aarogya/models/db.py: 0
[2015-05-03 13:55:00] EDIT Aarogya/models/db.py: 0
[2015-05-03 13:55:51] EDIT Aarogya/models/db.py: 0
[2015-05-03 13:59:05] EDIT Aarogya/views/default/mycal.html: 0
[2015-05-03 13:59:26] EDIT Aarogya/views/default/mycal.html: 0
[2015-05-03 13:59:26] EDIT Aarogya/views/default/mycal.html: 0
[2015-05-03 14:00:19] EDIT Aarogya/views/default/mycal.html: 1
[2015-05-03 14:00:22] EDIT Aarogya/views/default/mycal.html: 0
[2015-05-03 14:00:23] EDIT Aarogya/views/default/mycal.html: 0
[2015-05-03 14:00:41] EDIT Aarogya/views/default/mycal.html: 0
[2015-05-03 14:01:15] EDIT Aarogya/views/default/mycal.html: 0
[2015-05-03 14:01:30] EDIT Aarogya/views/default/mycal.html: 0
[2015-05-03 14:16:34] EDIT Aarogya/models/db.py: 0
[2015-05-03 14:17:18] EDIT Aarogya/views/default/mycal.html: -1
[2015-05-03 14:17:29] EDIT Aarogya/views/default/mycal.html: -1
[2015-05-03 14:18:33] EDIT Aarogya/views/default/mycal.html: 1
[2015-05-03 14:19:42] EDIT Aarogya/views/default/mycal.html: -1
[2015-05-03 14:19:52] EDIT Aarogya/views/default/mycal.html: 1
[2015-05-03 14:19:57] EDIT Aarogya/views/default/mycal.html: 0
[2015-05-03 14:20:03] EDIT Aarogya/views/default/mycal.html: 0
[2015-05-03 14:20:48] EDIT Aarogya/views/default/mycal.html: 0
[2015-05-03 14:23:28] EDIT Aarogya/views/layout_cal.html: -23
[2015-05-03 14:23:54] EDIT Aarogya/views/layout_cal.html: 22
[2015-05-03 14:25:04] EDIT Aarogya/views/layout_cal.html: 1
[2015-05-03 14:25:07] EDIT Aarogya/views/layout_cal.html: 0
[2015-05-03 14:26:02] EDIT Aarogya/views/layout_cal.html: -1
[2015-05-03 14:26:05] EDIT Aarogya/views/layout_cal.html: 0
[2015-05-03 14:26:16] EDIT Aarogya/views/layout_cal.html: 0
[2015-05-03 14:26:45] EDIT Aarogya/views/layout_cal.html: 0
[2015-05-03 14:27:07] EDIT Aarogya/views/layout_cal.html: 0
[2015-05-03 14:27:34] EDIT Aarogya/views/layout_cal.html: 0
[2015-05-03 14:28:03] EDIT Aarogya/views/layout_cal.html: 1
[2015-05-03 14:28:18] EDIT Aarogya/views/layout_cal.html: -1
[2015-05-03 14:29:57] EDIT Aarogya/views/layout_cal.html: -22
[2015-05-03 14:30:01] EDIT Aarogya/views/layout_cal.html: 0
[2015-05-03 14:30:07] EDIT Aarogya/views/layout_cal.html: 0
[2015-05-03 14:30:47] EDIT Aarogya/views/layout_cal.html: -1
[2015-05-03 14:31:06] EDIT Aarogya/views/layout_cal.html: -1
[2015-05-03 14:31:15] EDIT Aarogya/views/layout_cal.html: 0
[2015-05-03 14:31:18] EDIT Aarogya/views/layout_cal.html: 0
[2015-05-03 14:31:33] EDIT Aarogya/views/layout_others.html: 0
[2015-05-03 14:31:50] EDIT Aarogya/views/layout_cal.html: -2
[2015-05-03 14:31:53] EDIT Aarogya/views/layout_cal.html: 24
[2015-05-03 14:32:38] EDIT Aarogya/views/layout_cal.html: -24
[2015-05-03 14:33:25] EDIT Aarogya/views/layout_cal.html: 24
[2015-05-03 14:34:13] EDIT Aarogya/views/layout_cal.html: -24
[2015-05-03 14:34:46] EDIT Aarogya/views/layout_cal.html: 5
[2015-05-03 14:34:47] EDIT Aarogya/views/layout_cal.html: 0
[2015-05-03 14:34:48] EDIT Aarogya/views/layout_cal.html: 0
[2015-05-03 14:35:08] EDIT Aarogya/views/layout_cal.html: -5
[2015-05-03 14:36:39] EDIT Aarogya/views/layout_cal.html: -2
[2015-05-03 14:36:47] EDIT Aarogya/views/layout_cal.html: 2
[2015-05-03 14:37:23] EDIT Aarogya/views/layout_cal.html: 0
[2015-05-03 14:37:50] EDIT Aarogya/views/layout_others.html: 0
[2015-05-03 14:40:00] EDIT Aarogya/views/layout_cal.html: 3
[2015-05-03 14:41:17] EDIT Aarogya/views/layout_cal.html: 24
[2015-05-03 14:41:19] EDIT Aarogya/views/layout_cal.html: 0
[2015-05-03 14:41:35] EDIT Aarogya/views/layout_cal.html: -2
[2015-05-03 14:41:49] EDIT Aarogya/views/layout_cal.html: -1
[2015-05-03 14:43:39] EDIT Aarogya/views/layout_cal.html: -2
[2015-05-03 14:44:00] EDIT Aarogya/views/layout_cal.html: 0
[2015-05-03 14:44:00] EDIT Aarogya/views/layout_cal.html: 0
[2015-05-03 14:46:28] EDIT Aarogya/views/default/mycal.html: 3
[2015-05-03 14:46:35] EDIT Aarogya/views/default/mycal.html: 0
[2015-05-03 14:46:59] EDIT Aarogya/views/default/mycal.html: 0
[2015-05-03 14:47:22] EDIT Aarogya/views/default/mycal.html: 0
[2015-05-03 14:47:50] EDIT Aarogya/views/default/mycal.html: 7
[2015-05-03 14:47:57] EDIT Aarogya/views/default/mycal.html: 0
[2015-05-03 14:48:01] EDIT Aarogya/views/default/mycal.html: 0
[2015-05-03 14:49:31] EDIT Aarogya/views/default/mycal.html: 6
[2015-05-03 14:50:07] EDIT Aarogya/views/default/mycal.html: 0
[2015-05-03 14:52:03] EDIT Aarogya/views/layout_cal.html: -10
[2015-05-03 14:52:16] EDIT Aarogya/views/layout_cal.html: 0
[2015-05-03 14:52:45] EDIT Aarogya/views/layout_cal.html: 10
[2015-05-03 14:53:22] EDIT Aarogya/views/default/mycal.html: 1
[2015-05-03 14:58:22] EDIT Aarogya/models/db.py: 0
[2015-05-03 18:10:03] EDIT Aarogya/controllers/default.py: 12
[2015-05-03 18:10:32] EDIT Aarogya/controllers/default.py: -1
[2015-05-03 18:11:09] EDIT Aarogya/controllers/default.py: 0
[2015-05-03 18:16:19] EDIT Aarogya/models/db.py: 0
[2015-05-03 18:21:07] EDIT Aarogya/controllers/default.py: 0
[2015-05-03 18:22:13] EDIT Aarogya/controllers/default.py: 0
[2015-05-03 18:23:45] EDIT Aarogya/controllers/default.py: 0
[2015-05-03 18:25:20] EDIT Aarogya/controllers/default.py: 0
[2015-05-03 18:26:44] EDIT Aarogya/controllers/default.py: 0
[2015-05-03 18:28:35] EDIT Aarogya/controllers/default.py: 1
[2015-05-03 18:29:22] EDIT Aarogya/controllers/default.py: 0
[2015-05-03 18:31:28] EDIT Aarogya/controllers/default.py: 2
[2015-05-03 18:32:45] EDIT Aarogya/controllers/default.py: 1
[2015-05-03 18:35:20] EDIT Aarogya/controllers/default.py: 0
[2015-05-03 18:39:08] EDIT Aarogya/controllers/default.py: 0
[2015-05-03 18:41:11] EDIT Aarogya/controllers/default.py: 0
[2015-05-03 18:42:13] EDIT Aarogya/controllers/default.py: 1
[2015-05-03 18:44:29] EDIT Aarogya/controllers/default.py: 0
[2015-05-03 18:45:08] EDIT Aarogya/controllers/default.py: 0
[2015-05-03 18:45:44] EDIT Aarogya/controllers/default.py: 0
[2015-05-03 18:46:56] EDIT Aarogya/controllers/default.py: 0
[2015-05-03 18:50:18] EDIT Aarogya/controllers/default.py: 0
[2015-05-03 18:50:58] EDIT Aarogya/controllers/default.py: -1
[2015-05-03 18:52:04] EDIT Aarogya/controllers/default.py: 0
[2015-05-03 18:53:00] EDIT Aarogya/controllers/default.py: 1
[2015-05-03 18:53:43] EDIT Aarogya/controllers/default.py: 0
[2015-05-03 18:54:25] EDIT Aarogya/controllers/default.py: 0
[2015-05-03 18:54:51] EDIT Aarogya/controllers/default.py: 0
[2015-05-03 18:55:50] EDIT Aarogya/controllers/default.py: 0
[2015-05-03 18:56:05] EDIT Aarogya/controllers/default.py: 0
[2015-05-03 18:57:52] EDIT Aarogya/controllers/default.py: 0
[2015-05-03 18:59:49] EDIT Aarogya/controllers/default.py: 0
[2015-05-03 19:00:17] EDIT Aarogya/controllers/default.py: 0
[2015-05-03 19:00:22] EDIT Aarogya/controllers/default.py: 0
[2015-05-03 19:01:14] EDIT Aarogya/controllers/default.py: 0
[2015-05-03 19:01:23] EDIT Aarogya/controllers/default.py: 0
[2015-05-03 19:02:17] EDIT Aarogya/controllers/default.py: 0
[2015-05-03 19:02:51] EDIT Aarogya/controllers/default.py: 0
[2015-05-03 19:03:35] EDIT Aarogya/controllers/default.py: 0
[2015-05-03 19:06:27] EDIT Aarogya/controllers/default.py: 0
[2015-05-03 19:07:07] EDIT Aarogya/controllers/default.py: 0
[2015-05-03 19:09:18] EDIT Aarogya/controllers/default.py: 1
[2015-05-03 19:09:23] EDIT Aarogya/controllers/default.py: 0
[2015-05-03 19:09:52] EDIT Aarogya/controllers/default.py: 0
[2015-05-03 19:11:05] EDIT Aarogya/controllers/default.py: 0
[2015-05-03 19:11:37] EDIT Aarogya/controllers/default.py: 0
[2015-05-03 19:13:07] EDIT Aarogya/controllers/default.py: -5
[2015-05-03 19:17:10] EDIT Aarogya/controllers/default.py: 1
[2015-05-03 19:17:40] EDIT Aarogya/controllers/default.py: 1
[2015-05-03 19:18:55] EDIT Aarogya/controllers/default.py: 1
[2015-05-03 19:19:12] EDIT Aarogya/controllers/default.py: -1
[2015-05-03 19:19:27] EDIT Aarogya/controllers/default.py: 0
[2015-05-03 19:22:39] EDIT Aarogya/models/db.py: 18
[2015-05-03 19:23:19] EDIT Aarogya/controllers/default.py: 0
[2015-05-03 19:28:01] EDIT Aarogya/controllers/default.py: 0
[2015-05-03 19:28:38] EDIT Aarogya/controllers/default.py: 1
[2015-05-03 19:35:28] EDIT Aarogya/controllers/default.py: 5
[2015-05-03 19:36:51] EDIT Aarogya/controllers/default.py: 0
[2015-05-03 19:36:59] EDIT Aarogya/controllers/default.py: 0
[2015-05-03 19:37:13] EDIT Aarogya/controllers/default.py: 0
[2015-05-03 19:38:13] EDIT Aarogya/controllers/default.py: 1
[2015-05-03 19:39:51] EDIT Aarogya/controllers/default.py: -2
[2015-05-03 20:47:29] EDIT Aarogya/models/db.py: -20
[2015-05-03 20:49:10] EDIT Aarogya/models/db.py: 20
[2015-05-03 20:51:39] EDIT Aarogya/models/db.py: -20
[2015-05-03 20:52:35] EDIT Aarogya/models/db.py: 0
[2015-05-03 20:55:49] EDIT Aarogya/controllers/default.py: 1
[2015-05-03 21:01:12] EDIT Aarogya/controllers/default.py: 0
[2015-05-03 21:20:12] EDIT Aarogya/controllers/default.py: 1
[2015-05-03 21:20:48] EDIT Aarogya/controllers/default.py: -1
[2015-05-03 21:34:41] EDIT Aarogya/models/db.py: 16
[2015-05-03 21:34:44] EDIT Aarogya/models/db.py: 0
[2015-05-03 21:35:39] EDIT Aarogya/models/db.py: 0
[2015-05-03 21:38:27] EDIT Aarogya/models/db.py: 0
[2015-05-03 21:39:29] EDIT Aarogya/models/db.py: 0
[2015-05-03 21:44:52] EDIT Aarogya/models/db.py: 0
[2015-05-03 21:45:02] EDIT Aarogya/models/db.py: 0
[2015-05-03 21:46:25] EDIT Aarogya/models/db.py: 0
[2015-05-03 21:48:00] EDIT Aarogya/models/db.py: 0
[2015-05-03 21:50:54] EDIT Aarogya/controllers/default.py: 3
[2015-05-03 21:53:10] EDIT Aarogya/models/db.py: 0
[2015-05-03 21:53:25] EDIT Aarogya/models/db.py: 0
[2015-05-03 21:53:37] EDIT Aarogya/models/db.py: 0
[2015-05-03 21:54:38] EDIT Aarogya/models/db.py: 0
[2015-05-03 21:57:36] EDIT Aarogya/controllers/default.py: 1
[2015-05-03 21:58:03] EDIT Aarogya/controllers/default.py: 0
[2015-05-03 21:59:09] EDIT Aarogya/controllers/default.py: 0
[2015-05-03 22:00:51] EDIT Aarogya/controllers/default.py: 0
[2015-05-03 22:01:01] EDIT Aarogya/controllers/default.py: 0
[2015-05-03 22:04:25] EDIT Aarogya/controllers/default.py: 0
[2015-05-03 22:05:13] EDIT Aarogya/controllers/default.py: 0
[2015-05-03 22:06:13] EDIT Aarogya/controllers/default.py: 0
[2015-05-03 22:07:20] EDIT Aarogya/controllers/default.py: 0
[2015-05-03 22:08:10] EDIT Aarogya/controllers/default.py: 0
[2015-05-03 22:08:52] EDIT Aarogya/controllers/default.py: 0
[2015-05-03 22:09:31] EDIT Aarogya/controllers/default.py: 0
[2015-05-03 22:10:28] EDIT Aarogya/controllers/default.py: 0
[2015-05-03 22:11:03] EDIT Aarogya/controllers/default.py: 0
[2015-05-03 22:11:10] EDIT Aarogya/controllers/default.py: 0
[2015-05-03 22:11:38] EDIT Aarogya/controllers/default.py: 0
[2015-05-03 22:12:37] EDIT Aarogya/controllers/default.py: 0
[2015-05-03 22:15:15] EDIT Aarogya/controllers/default.py: 0
[2015-05-03 22:15:36] EDIT Aarogya/controllers/default.py: 0
[2015-05-03 22:15:59] EDIT Aarogya/controllers/default.py: 0
[2015-05-03 22:16:21] EDIT Aarogya/controllers/default.py: 0
[2015-05-03 22:22:08] EDIT Aarogya/controllers/default.py: 1
[2015-05-03 22:22:38] EDIT Aarogya/controllers/default.py: 0
[2015-05-03 22:37:08] EDIT Aarogya/models/db.py: 1
[2015-05-03 22:41:09] EDIT Aarogya/controllers/default.py: 1
[2015-05-03 22:41:35] EDIT Aarogya/models/db.py: 0
[2015-05-03 22:41:48] EDIT Aarogya/models/db.py: 0
[2015-05-03 22:43:57] EDIT Aarogya/models/db.py: 0
[2015-05-03 22:59:52] EDIT Aarogya/models/db.py: 5
[2015-05-03 22:59:58] EDIT Aarogya/models/db.py: 0
[2015-05-03 23:00:00] EDIT Aarogya/models/db.py: 0
[2015-05-03 23:00:15] EDIT Aarogya/models/db.py: 0
[2015-05-03 23:06:34] EDIT Aarogya/models/db.py: 0
[2015-05-03 23:06:40] EDIT Aarogya/models/db.py: 0
[2015-05-03 23:07:05] EDIT Aarogya/models/db.py: 2
[2015-05-03 23:07:44] EDIT Aarogya/controllers/default.py: -2
[2015-05-03 23:10:28] EDIT Aarogya/models/db.py: 0
[2015-05-03 23:13:38] EDIT Aarogya/models/db.py: 0
[2015-05-03 23:15:19] EDIT Aarogya/models/db.py: 0
[2015-05-03 23:16:14] EDIT Aarogya/models/db.py: 0
[2015-05-03 23:16:30] EDIT Aarogya/models/db.py: 1
[2015-05-03 23:16:34] EDIT Aarogya/models/db.py: 0
[2015-05-03 23:21:27] EDIT Aarogya/controllers/default.py: 1
[2015-05-03 23:21:38] EDIT Aarogya/controllers/default.py: 0
[2015-05-03 23:22:18] EDIT Aarogya/controllers/default.py: -1
[2015-05-03 23:30:10] EDIT Aarogya/models/menu.py: 4
[2015-05-03 23:33:19] EDIT Aarogya/controllers/default.py: 16
[2015-05-03 23:33:27] EDIT Aarogya/controllers/default.py: -1
[2015-05-03 23:33:39] EDIT Aarogya/controllers/default.py: 0
[2015-05-03 23:34:55] EDIT Aarogya/controllers/default.py: 4
[2015-05-03 23:36:20] EDIT Aarogya/models/db.py: -2
[2015-05-03 23:36:46] EDIT Aarogya/controllers/default.py: 0
[2015-05-03 23:37:37] EDIT Aarogya/controllers/default.py: 4
[2015-05-03 23:37:39] EDIT Aarogya/controllers/default.py: 0
[2015-05-03 23:38:26] EDIT Aarogya/models/menu.py: 0
[2015-05-03 23:39:45] EDIT Aarogya/models/menu.py: 1
[2015-05-03 23:40:40] EDIT Aarogya/controllers/default.py: 0
[2015-05-03 23:41:34] EDIT Aarogya/controllers/default.py: 0
[2015-05-03 23:42:03] EDIT Aarogya/controllers/default.py: 0
[2015-05-03 23:42:09] EDIT Aarogya/controllers/default.py: 0
[2015-05-03 23:42:13] EDIT Aarogya/controllers/default.py: 0
[2015-05-03 23:42:30] EDIT Aarogya/models/db.py: 0
[2015-05-03 23:44:26] EDIT Aarogya/controllers/default.py: 0
[2015-05-03 23:44:30] EDIT Aarogya/controllers/default.py: 0
[2015-05-03 23:48:35] EDIT Aarogya/models/menu.py: 0
[2015-05-03 23:50:17] EDIT Aarogya/models/menu.py: 0
[2015-05-03 23:50:20] EDIT Aarogya/controllers/default.py: 0
[2015-05-04 00:22:03] EDIT Aarogya/models/db.py: 0
[2015-05-04 00:29:15] EDIT Aarogya/controllers/default.py: 0
[2015-05-04 00:29:22] EDIT Aarogya/controllers/default.py: 0
[2015-05-04 00:31:33] EDIT Aarogya/models/db.py: 0
[2015-05-04 00:33:26] EDIT Aarogya/models/db.py: 1
[2015-05-04 00:34:47] EDIT Aarogya/models/db.py: 0
[2015-05-04 00:34:54] EDIT Aarogya/models/db.py: 0
[2015-05-04 00:35:05] EDIT Aarogya/models/db.py: 0
[2015-05-04 00:35:10] EDIT Aarogya/models/db.py: 0
[2015-05-04 00:35:29] EDIT Aarogya/models/db.py: 0
[2015-05-04 00:39:53] EDIT Aarogya/views/layout_cal.html: -8
[2015-05-04 00:43:38] EDIT Aarogya/controllers/default.py: 39
[2015-05-04 00:44:06] EDIT Aarogya/controllers/default.py: 0
[2015-05-04 00:44:08] EDIT Aarogya/controllers/default.py: 0
[2015-05-04 00:44:27] EDIT Aarogya/controllers/default.py: -1
[2015-05-04 00:46:35] EDIT Aarogya/controllers/default.py: 1
[2015-05-04 00:46:47] EDIT Aarogya/controllers/default.py: 0
[2015-05-04 00:47:17] EDIT Aarogya/controllers/default.py: -2
[2015-05-04 00:47:45] EDIT Aarogya/controllers/default.py: 1
[2015-05-04 00:48:07] EDIT Aarogya/controllers/default.py: -3
[2015-05-04 00:48:13] EDIT Aarogya/controllers/default.py: 0
[2015-05-04 00:48:18] EDIT Aarogya/controllers/default.py: 0
[2015-05-04 00:48:32] EDIT Aarogya/controllers/default.py: 0
[2015-05-04 00:49:05] EDIT Aarogya/controllers/default.py: 0
[2015-05-04 00:49:12] EDIT Aarogya/controllers/default.py: 0
[2015-05-04 00:49:25] EDIT Aarogya/controllers/default.py: 0
[2015-05-04 00:49:39] EDIT Aarogya/controllers/default.py: 0
[2015-05-04 00:50:03] EDIT Aarogya/controllers/default.py: 1
[2015-05-04 00:51:28] EDIT Aarogya/controllers/default.py: 0
[2015-05-04 00:52:07] EDIT Aarogya/controllers/default.py: 0
[2015-05-04 00:52:14] EDIT Aarogya/controllers/default.py: 0
[2015-05-04 00:52:27] EDIT Aarogya/controllers/default.py: 0
[2015-05-04 00:55:24] EDIT Aarogya/controllers/default.py: 0
[2015-05-04 00:57:12] EDIT Aarogya/controllers/default.py: 0
[2015-05-04 00:57:24] EDIT Aarogya/controllers/default.py: 0
[2015-05-04 00:58:24] EDIT Aarogya/controllers/default.py: 0
[2015-05-04 00:58:59] EDIT Aarogya/controllers/default.py: -1
[2015-05-04 00:59:03] EDIT Aarogya/controllers/default.py: 1
[2015-05-04 01:00:30] EDIT Aarogya/controllers/default.py: -1
[2015-05-04 01:00:37] EDIT Aarogya/controllers/default.py: 0
[2015-05-04 01:07:21] EDIT Aarogya/controllers/default.py: 5
[2015-05-04 01:07:38] EDIT Aarogya/controllers/default.py: 0
[2015-05-04 01:07:50] EDIT Aarogya/controllers/default.py: 0
[2015-05-04 01:08:51] EDIT Aarogya/controllers/default.py: -1
[2015-05-04 01:10:34] EDIT Aarogya/controllers/default.py: 1
[2015-05-04 01:10:42] EDIT Aarogya/controllers/default.py: 0
[2015-05-04 01:11:00] EDIT Aarogya/controllers/default.py: -1
[2015-05-04 01:11:19] EDIT Aarogya/controllers/default.py: 0
[2015-05-04 01:12:17] EDIT Aarogya/controllers/default.py: 1
[2015-05-04 01:13:20] EDIT Aarogya/models/db.py: 0
[2015-05-04 01:14:27] EDIT Aarogya/controllers/default.py: 1
[2015-05-04 01:14:41] EDIT Aarogya/controllers/default.py: 0
[2015-05-04 01:15:43] EDIT Aarogya/controllers/default.py: -2
[2015-05-04 01:19:58] EDIT Aarogya/controllers/default.py: 0
[2015-05-04 01:31:42] EDIT Aarogya/controllers/default.py: 5
[2015-05-04 01:32:38] EDIT Aarogya/controllers/default.py: 0
[2015-05-04 01:34:43] EDIT Aarogya/controllers/default.py: -4
[2015-05-04 01:41:15] EDIT Aarogya/controllers/default.py: 6
[2015-05-04 01:41:41] EDIT Aarogya/controllers/default.py: 0
[2015-05-04 01:43:37] EDIT Aarogya/controllers/default.py: -3
[2015-05-04 01:45:54] EDIT Aarogya/controllers/default.py: 5
[2015-05-04 01:46:16] EDIT Aarogya/controllers/default.py: 1
[2015-05-04 01:48:14] EDIT Aarogya/controllers/default.py: -5
[2015-05-04 01:49:05] EDIT Aarogya/controllers/default.py: 1
[2015-05-04 01:51:50] EDIT Aarogya/controllers/default.py: 0
[2015-05-04 01:54:40] EDIT Aarogya/models/db.py: 3
[2015-05-04 01:56:13] EDIT Aarogya/models/db.py: 0
[2015-05-04 01:58:40] EDIT Aarogya/models/db.py: 0
[2015-05-04 02:01:01] EDIT Aarogya/models/db.py: -1
[2015-05-04 02:03:22] EDIT Aarogya/models/db.py: 0
[2015-05-04 02:03:39] EDIT Aarogya/models/db.py: 0
[2015-05-04 02:03:53] EDIT Aarogya/models/db.py: 0
[2015-05-04 02:04:13] EDIT Aarogya/models/db.py: 0
[2015-05-04 02:05:23] EDIT Aarogya/models/db.py: 0
[2015-05-04 02:10:00] EDIT Aarogya/models/db.py: 1
[2015-05-04 02:12:07] EDIT Aarogya/models/db.py: 0
[2015-05-04 02:14:51] EDIT Aarogya/models/db.py: 1
[2015-05-04 02:15:06] EDIT Aarogya/models/db.py: 0
[2015-05-04 02:15:20] EDIT Aarogya/models/db.py: 0
[2015-05-04 02:16:43] EDIT Aarogya/models/db.py: 0
[2015-05-04 02:17:04] EDIT Aarogya/models/db.py: 1
[2015-05-04 02:18:05] EDIT Aarogya/models/db.py: 1
[2015-05-04 02:18:42] EDIT Aarogya/models/db.py: -1
[2015-05-04 02:23:41] EDIT Aarogya/models/menu.py: 1
[2015-05-04 02:24:14] EDIT Aarogya/models/menu.py: 0
[2015-05-04 02:24:34] EDIT Aarogya/models/menu.py: 0
[2015-05-04 02:25:19] EDIT Aarogya/models/menu.py: 0
[2015-05-04 02:26:58] EDIT Aarogya/models/menu.py: 1
[2015-05-04 02:27:29] EDIT Aarogya/controllers/default.py: 0
[2015-05-04 02:27:57] EDIT Aarogya/models/menu.py: 1
[2015-05-04 02:28:50] EDIT Aarogya/controllers/default.py: 1
[2015-05-04 02:28:59] EDIT Aarogya/controllers/default.py: 0
[2015-05-04 02:29:37] EDIT Aarogya/controllers/default.py: 1
[2015-05-04 02:30:59] EDIT Aarogya/controllers/default.py: 0
[2015-05-04 02:35:22] EDIT Aarogya/models/db.py: -13
[2015-05-04 02:35:33] EDIT Aarogya/models/db.py: 0
[2015-05-04 02:35:35] EDIT Aarogya/models/db.py: 0
[2015-05-04 02:35:35] EDIT Aarogya/models/db.py: 0
[2015-05-04 02:35:38] EDIT Aarogya/models/db.py: 0
[2015-05-04 02:35:39] EDIT Aarogya/models/db.py: 0
[2015-05-04 02:35:46] EDIT Aarogya/models/db.py: 0
[2015-05-04 02:35:46] EDIT Aarogya/models/db.py: 0
[2015-05-04 02:35:53] EDIT Aarogya/models/db.py: 0
[2015-05-04 02:36:25] EDIT Aarogya/models/db.py: 0
[2015-05-04 02:36:33] EDIT Aarogya/models/db.py: 0
[2015-05-04 02:36:46] EDIT Aarogya/controllers/default.py: 5
[2015-05-04 02:51:39] EDIT Aarogya/controllers/default.py: 0
[2015-05-04 02:53:04] EDIT Aarogya/controllers/default.py: 0
[2015-05-04 02:55:31] EDIT Aarogya/controllers/default.py: 2
[2015-05-04 02:56:04] EDIT Aarogya/controllers/default.py: 0
[2015-05-04 02:56:44] EDIT Aarogya/controllers/default.py: 0
[2015-05-04 02:57:07] EDIT Aarogya/controllers/default.py: 0
[2015-05-04 02:57:45] EDIT Aarogya/controllers/default.py: 1
[2015-05-04 02:57:55] EDIT Aarogya/controllers/default.py: 0
[2015-05-04 02:59:27] EDIT Aarogya/controllers/default.py: 2
[2015-05-04 02:59:36] EDIT Aarogya/controllers/default.py: 0
[2015-05-04 02:59:41] EDIT Aarogya/controllers/default.py: 0
[2015-05-04 02:59:53] EDIT Aarogya/controllers/default.py: 0
[2015-05-04 03:00:02] EDIT Aarogya/controllers/default.py: 0
[2015-05-04 03:01:23] EDIT Aarogya/views/default/profile_patient.html: 3
[2015-05-04 03:02:45] EDIT Aarogya/controllers/default.py: 1
[2015-05-04 03:03:25] EDIT Aarogya/controllers/default.py: 1
[2015-05-04 03:03:49] EDIT Aarogya/models/db.py: 2
[2015-05-04 03:04:25] EDIT Aarogya/views/default/profile_patient.html: -3
[2015-05-04 03:07:21] EDIT Aarogya/controllers/default.py: -2
[2015-05-04 03:09:25] EDIT Aarogya/models/db.py: 2
[2015-05-04 03:09:33] EDIT Aarogya/models/db.py: 0
[2015-05-04 03:14:49] CREATE default/profile_view_patient.html: 0
[2015-05-04 03:14:59] EDIT Aarogya/views/default/profile_view_patient.html: -1
[2015-05-04 03:15:06] EDIT Aarogya/views/default/profile_view_patient.html: 0
[2015-05-04 03:16:22] EDIT Aarogya/models/menu.py: 0
[2015-05-04 03:18:29] EDIT Aarogya/controllers/default.py: 5
[2015-05-04 03:19:50] EDIT Aarogya/controllers/default.py: 0
[2015-05-04 03:20:13] EDIT Aarogya/controllers/default.py: 0
[2015-05-04 03:20:25] EDIT Aarogya/controllers/default.py: 0
[2015-05-04 03:21:15] EDIT Aarogya/models/db.py: 0
[2015-05-04 03:21:27] EDIT Aarogya/models/db.py: 0
[2015-05-04 03:22:58] EDIT Aarogya/controllers/default.py: 2
[2015-05-04 03:25:34] EDIT Aarogya/models/db.py: 0
[2015-05-04 03:28:37] EDIT Aarogya/controllers/default.py: 21
[2015-05-04 03:30:28] CREATE default/profile_view_doctor.html: 0
[2015-05-04 03:30:39] EDIT Aarogya/views/default/profile_view_doctor.html: -1
[2015-05-04 03:32:00] EDIT Aarogya/views/default/profile_view_doctor.html: 0
[2015-05-04 03:32:16] CREATE default/profile_view_staff.html: 0
[2015-05-04 03:32:27] EDIT Aarogya/views/default/profile_view_staff.html: -1
[2015-05-04 03:34:09] EDIT Aarogya/controllers/default.py: 0
[2015-05-04 03:35:13] EDIT Aarogya/models/menu.py: 0
[2015-05-04 03:35:52] EDIT Aarogya/models/menu.py: 0
[2015-05-04 03:37:49] EDIT Aarogya/controllers/default.py: -6
[2015-05-04 03:39:26] EDIT Aarogya/controllers/default.py: 0
[2015-05-04 03:40:29] EDIT Aarogya/models/menu.py: 0
[2015-05-04 03:40:42] EDIT Aarogya/models/menu.py: 0
[2015-05-04 03:41:32] EDIT Aarogya/models/db.py: 0
[2015-05-04 03:41:43] EDIT Aarogya/models/db.py: 0
[2015-05-04 03:42:52] EDIT Aarogya/controllers/default.py: 0
[2015-05-04 03:44:26] EDIT Aarogya/models/db.py: 2
[2015-05-04 03:45:20] EDIT Aarogya/controllers/default.py: 0
[2015-05-04 03:45:47] EDIT Aarogya/controllers/default.py: 0
[2015-05-04 03:50:11] EDIT Aarogya/views/default/user.html: 0
[2015-05-04 12:31:09] EDIT Aarogya/models/db.py: 0
[2015-05-04 12:32:01] EDIT Aarogya/models/db.py: 0
[2015-05-04 12:32:09] EDIT Aarogya/models/db.py: 0
[2015-05-04 12:41:55] EDIT Aarogya/models/db.py: 0
[2015-05-04 12:42:24] EDIT Aarogya/controllers/default.py: 0
[2015-05-04 12:43:34] EDIT Aarogya/controllers/default.py: 3
[2015-05-04 12:43:44] EDIT Aarogya/controllers/default.py: 0
[2015-05-04 12:43:58] EDIT Aarogya/controllers/default.py: -1
[2015-05-04 12:44:03] EDIT Aarogya/controllers/default.py: 0
[2015-05-04 12:46:06] EDIT Aarogya/controllers/default.py: 2
[2015-05-04 12:53:24] EDIT Aarogya/models/db.py: 1
[2015-05-04 12:54:06] EDIT Aarogya/models/db.py: 0
[2015-05-04 12:54:25] EDIT Aarogya/models/db.py: -1
[2015-05-04 12:54:54] EDIT Aarogya/controllers/default.py: 1
[2015-05-04 12:55:14] EDIT Aarogya/controllers/default.py: -1
[2015-05-04 12:55:22] EDIT Aarogya/controllers/default.py: 0
[2015-05-04 12:55:28] EDIT Aarogya/controllers/default.py: 0
[2015-05-04 12:55:42] EDIT Aarogya/controllers/default.py: 0
[2015-05-04 12:56:51] EDIT Aarogya/controllers/default.py: 1
[2015-05-04 12:56:53] EDIT Aarogya/controllers/default.py: 0
[2015-05-04 12:57:36] EDIT Aarogya/controllers/default.py: 0
[2015-05-04 12:57:51] EDIT Aarogya/controllers/default.py: 0
[2015-05-04 12:58:14] EDIT Aarogya/controllers/default.py: -1
[2015-05-04 12:58:24] EDIT Aarogya/controllers/default.py: 1
[2015-05-04 13:00:05] EDIT Aarogya/controllers/default.py: 0
[2015-05-04 13:00:23] EDIT Aarogya/controllers/default.py: 0
[2015-05-04 13:00:49] EDIT Aarogya/controllers/default.py: 0
[2015-05-04 13:00:57] EDIT Aarogya/controllers/default.py: 0
[2015-05-04 13:01:55] EDIT Aarogya/controllers/default.py: -2
[2015-05-04 13:01:59] EDIT Aarogya/controllers/default.py: 1
[2015-05-04 13:02:20] EDIT Aarogya/controllers/default.py: 0
[2015-05-04 13:02:35] EDIT Aarogya/controllers/default.py: 0
[2015-05-04 13:03:07] EDIT Aarogya/controllers/default.py: 0
[2015-05-04 13:03:25] EDIT Aarogya/controllers/default.py: 0
[2015-05-04 13:04:08] EDIT Aarogya/controllers/default.py: 0
[2015-05-04 13:04:16] EDIT Aarogya/controllers/default.py: 0
[2015-05-04 13:04:44] EDIT Aarogya/controllers/default.py: 0
[2015-05-04 13:07:44] EDIT Aarogya/controllers/default.py: 1
[2015-05-04 13:07:45] EDIT Aarogya/controllers/default.py: 0
[2015-05-04 13:07:46] EDIT Aarogya/controllers/default.py: 0
[2015-05-04 13:08:07] EDIT Aarogya/controllers/default.py: 0
[2015-05-04 13:08:08] EDIT Aarogya/controllers/default.py: 0
[2015-05-04 13:08:09] EDIT Aarogya/controllers/default.py: 0
[2015-05-04 13:08:10] EDIT Aarogya/controllers/default.py: 0
[2015-05-04 13:08:10] EDIT Aarogya/controllers/default.py: 0
[2015-05-04 13:08:11] EDIT Aarogya/controllers/default.py: 0
[2015-05-04 13:08:11] EDIT Aarogya/controllers/default.py: 0
[2015-05-04 13:08:11] EDIT Aarogya/controllers/default.py: 0
[2015-05-04 13:08:11] EDIT Aarogya/controllers/default.py: 0
[2015-05-04 13:08:11] EDIT Aarogya/controllers/default.py: 0
[2015-05-04 13:08:11] EDIT Aarogya/controllers/default.py: 0
[2015-05-04 13:08:12] EDIT Aarogya/controllers/default.py: 0
[2015-05-04 13:08:12] EDIT Aarogya/controllers/default.py: 0
[2015-05-04 13:08:12] EDIT Aarogya/controllers/default.py: 0
[2015-05-04 13:08:12] EDIT Aarogya/controllers/default.py: 0
[2015-05-04 13:08:12] EDIT Aarogya/controllers/default.py: 0
[2015-05-04 13:08:13] EDIT Aarogya/controllers/default.py: 0
[2015-05-04 13:08:13] EDIT Aarogya/controllers/default.py: 0
[2015-05-04 13:08:13] EDIT Aarogya/controllers/default.py: 0
[2015-05-04 13:08:13] EDIT Aarogya/controllers/default.py: 0
[2015-05-04 13:08:13] EDIT Aarogya/controllers/default.py: 0
[2015-05-04 13:08:13] EDIT Aarogya/controllers/default.py: 0
[2015-05-04 13:08:14] EDIT Aarogya/controllers/default.py: 0
[2015-05-04 13:08:14] EDIT Aarogya/controllers/default.py: 0
[2015-05-04 13:08:14] EDIT Aarogya/controllers/default.py: 0
[2015-05-04 13:09:18] EDIT Aarogya/models/db.py: 0
[2015-05-04 13:09:43] EDIT Aarogya/controllers/default.py: 0
[2015-05-04 13:15:38] EDIT Aarogya/controllers/default.py: 0
[2015-05-04 13:19:59] EDIT Aarogya/controllers/default.py: 1
[2015-05-04 13:20:27] EDIT Aarogya/controllers/default.py: 0
[2015-05-04 13:21:18] EDIT Aarogya/controllers/default.py: 0
[2015-05-04 13:21:20] EDIT Aarogya/controllers/default.py: 0
[2015-05-04 13:21:50] EDIT Aarogya/controllers/default.py: 0
[2015-05-04 13:21:56] EDIT Aarogya/controllers/default.py: 0
[2015-05-04 13:22:03] EDIT Aarogya/controllers/default.py: 0
[2015-05-04 13:22:45] EDIT Aarogya/controllers/default.py: 0
[2015-05-04 13:22:49] EDIT Aarogya/controllers/default.py: 0
[2015-05-04 13:22:56] EDIT Aarogya/controllers/default.py: 0
[2015-05-04 13:22:57] EDIT Aarogya/controllers/default.py: 0
[2015-05-04 13:23:01] EDIT Aarogya/controllers/default.py: 0
[2015-05-04 13:23:24] EDIT Aarogya/controllers/default.py: 0
[2015-05-04 13:24:15] EDIT Aarogya/controllers/default.py: 0
[2015-05-04 13:24:32] EDIT Aarogya/controllers/default.py: 0
[2015-05-04 13:24:41] EDIT Aarogya/controllers/default.py: 0
[2015-05-04 13:24:52] EDIT Aarogya/controllers/default.py: 0
[2015-05-04 13:25:50] EDIT Aarogya/controllers/default.py: 0
[2015-05-04 13:25:51] EDIT Aarogya/controllers/default.py: 0
[2015-05-04 13:25:58] EDIT Aarogya/controllers/default.py: 0
[2015-05-04 13:26:01] EDIT Aarogya/controllers/default.py: 0
[2015-05-04 13:26:14] EDIT Aarogya/controllers/default.py: 0
[2015-05-04 13:27:04] EDIT Aarogya/controllers/default.py: -1
[2015-05-04 13:27:05] EDIT Aarogya/controllers/default.py: 0
[2015-05-04 13:27:44] EDIT Aarogya/controllers/default.py: -1
[2015-05-04 13:27:56] EDIT Aarogya/controllers/default.py: 0
[2015-05-04 13:27:57] EDIT Aarogya/controllers/default.py: 0
[2015-05-04 13:28:01] EDIT Aarogya/controllers/default.py: 0
[2015-05-04 13:28:19] EDIT Aarogya/controllers/default.py: 0
[2015-05-04 13:29:02] EDIT Aarogya/controllers/default.py: 0
[2015-05-04 13:29:09] EDIT Aarogya/controllers/default.py: 0
[2015-05-04 13:30:17] EDIT Aarogya/controllers/default.py: 1
[2015-05-04 13:30:28] EDIT Aarogya/controllers/default.py: 0
[2015-05-04 13:30:38] EDIT Aarogya/controllers/default.py: 0
[2015-05-04 13:31:50] EDIT Aarogya/controllers/default.py: 0
[2015-05-04 13:32:17] EDIT Aarogya/controllers/default.py: 0
[2015-05-04 13:32:39] EDIT Aarogya/controllers/default.py: 0
[2015-05-04 13:37:21] EDIT Aarogya/models/db.py: 1
[2015-05-04 13:37:26] EDIT Aarogya/models/db.py: 0
[2015-05-04 13:37:26] EDIT Aarogya/models/db.py: 0
[2015-05-04 13:37:31] EDIT Aarogya/models/db.py: 0
[2015-05-04 13:37:34] EDIT Aarogya/models/db.py: 0
[2015-05-04 13:37:45] EDIT Aarogya/models/db.py: 0
[2015-05-04 13:38:30] EDIT Aarogya/models/db.py: 0
[2015-05-04 13:38:41] EDIT Aarogya/models/db.py: 0
[2015-05-04 13:38:42] EDIT Aarogya/models/db.py: 0
[2015-05-04 13:38:46] EDIT Aarogya/models/db.py: 0
[2015-05-04 13:39:15] EDIT Aarogya/models/db.py: 0
[2015-05-04 13:42:36] EDIT Aarogya/views/web2py_ajax.html: 16
[2015-05-04 13:42:45] EDIT Aarogya/views/web2py_ajax.html: -8
[2015-05-04 13:42:47] EDIT Aarogya/views/web2py_ajax.html: 0
[2015-05-04 13:43:01] EDIT Aarogya/views/web2py_ajax.html: 0
[2015-05-04 13:43:14] EDIT Aarogya/views/web2py_ajax.html: 0
[2015-05-04 14:53:09] EDIT Aarogya/models/menu.py: 1
[2015-05-04 14:53:22] EDIT Aarogya/models/menu.py: 0
[2015-05-04 14:58:33] EDIT Aarogya/views/default/user.html: 0
[2015-05-04 14:58:49] EDIT Aarogya/views/default/user.html: 0
[2015-05-04 15:01:29] EDIT Aarogya/models/db.py: -1
[2015-05-04 15:04:09] EDIT Aarogya/controllers/default.py: 0
[2015-05-04 15:04:52] EDIT Aarogya/controllers/default.py: 0
[2015-05-04 15:05:06] EDIT Aarogya/controllers/default.py: 0
[2015-05-04 19:44:13] EDIT Aarogya/views/layout_temp.html: 0
[2015-05-04 19:49:16] EDIT Aarogya/views/layout_temp.html: 1
[2015-05-04 19:49:32] EDIT Aarogya/views/layout_temp.html: 0
[2015-05-04 19:49:37] EDIT Aarogya/views/layout_temp.html: 0
[2015-05-04 19:49:53] EDIT Aarogya/views/layout_temp.html: 0
[2015-05-04 19:50:21] EDIT Aarogya/views/layout_temp.html: 0
[2015-05-04 19:52:42] EDIT Aarogya/views/layout_temp.html: 0
[2015-05-04 19:59:41] EDIT Aarogya/controllers/default.py: 4
[2015-05-04 20:01:12] EDIT Aarogya/models/db.py: 0
[2015-05-04 20:01:30] EDIT Aarogya/models/db.py: 0
[2015-05-04 20:01:36] EDIT Aarogya/controllers/default.py: 0
[2015-05-04 20:08:01] EDIT Aarogya/models/db.py: 0
[2015-05-04 20:08:30] EDIT Aarogya/controllers/default.py: -1
[2015-05-04 20:11:33] EDIT Aarogya/controllers/default.py: -1
[2015-05-04 20:16:59] EDIT Aarogya/controllers/default.py: -2
[2015-05-04 20:24:05] EDIT Aarogya/views/layout_temp.html: 0
[2015-05-04 20:26:21] EDIT Aarogya/views/playout.html: 0
[2015-05-04 20:31:34] EDIT Aarogya/controllers/default.py: 0
[2015-05-04 21:14:06] EDIT Aarogya/views/layout_temp.html: -4
[2015-05-04 21:18:12] EDIT Aarogya/views/layout_auth.html: 6
[2015-05-04 21:18:30] EDIT Aarogya/views/layout_auth.html: 0
[2015-05-04 21:18:31] EDIT Aarogya/views/layout_auth.html: 0
[2015-05-04 21:19:15] EDIT Aarogya/views/web2py_ajax.html: 0
[2015-05-04 21:19:16] EDIT Aarogya/views/web2py_ajax.html: 0
[2015-05-04 21:27:36] EDIT Aarogya/models/db.py: -1
[2015-05-04 21:28:13] EDIT Aarogya/controllers/default.py: 0
[2015-05-04 21:38:40] EDIT Aarogya/views/layout_temp.html: 1
[2015-05-04 21:38:57] EDIT Aarogya/views/layout_temp.html: -1
[2015-05-04 21:57:23] EDIT Aarogya/models/db.py: 0
[2015-05-04 21:57:29] EDIT Aarogya/models/db.py: 0
[2015-05-04 21:57:44] EDIT Aarogya/models/db.py: 0
[2015-05-04 21:57:45] EDIT Aarogya/models/db.py: 0
[2015-05-04 21:58:13] EDIT Aarogya/models/db.py: 0
[2015-05-04 21:58:27] EDIT Aarogya/models/db.py: 0
[2015-05-04 22:00:16] EDIT Aarogya/models/db.py: 0
[2015-05-04 22:05:25] EDIT Aarogya/models/db.py: 0
[2015-05-04 22:05:59] EDIT Aarogya/controllers/default.py: 0
[2015-05-04 22:14:29] EDIT Aarogya/models/db.py: 0
[2015-05-04 22:18:18] EDIT Aarogya/models/db.py: 3
[2015-05-04 22:18:29] EDIT Aarogya/models/db.py: 0
[2015-05-04 22:18:57] EDIT Aarogya/models/db.py: 0
[2015-05-04 22:22:30] EDIT Aarogya/models/db.py: -1
[2015-05-04 22:22:43] EDIT Aarogya/models/db.py: 1
[2015-05-04 22:22:53] EDIT Aarogya/models/db.py: 0
[2015-05-04 22:24:08] EDIT Aarogya/models/db.py: 0
[2015-05-04 22:30:49] EDIT Aarogya/models/db.py: 0
[2015-05-04 22:31:27] EDIT Aarogya/models/db.py: -1
[2015-05-04 22:36:52] EDIT Aarogya/models/db.py: 2
[2015-05-04 22:39:14] EDIT Aarogya/models/db.py: 0
[2015-05-05 15:44:34] EDIT Aarogya/controllers/default.py: 2
[2015-05-05 15:45:32] EDIT Aarogya/models/db.py: 0
[2015-05-05 15:46:35] EDIT Aarogya/controllers/default.py: 0
[2015-05-05 15:50:06] EDIT Aarogya/controllers/default.py: 0
[2015-05-05 15:50:16] EDIT Aarogya/controllers/default.py: 0
[2015-05-05 15:52:39] EDIT Aarogya/models/db.py: 0
[2015-05-05 15:56:40] EDIT Aarogya/models/db.py: 1
[2015-05-05 15:59:50] EDIT Aarogya/models/db.py: -1
[2015-05-05 16:00:40] EDIT Aarogya/models/db.py: 1
[2015-05-05 16:01:11] EDIT Aarogya/models/db.py: 0
[2015-05-05 16:02:05] EDIT Aarogya/controllers/default.py: 0
[2015-05-05 16:02:18] EDIT Aarogya/controllers/default.py: 0
[2015-05-05 16:03:52] EDIT Aarogya/models/db.py: 0
[2015-05-05 16:04:12] EDIT Aarogya/models/db.py: 0
[2015-05-05 16:04:19] EDIT Aarogya/models/db.py: 0
[2015-05-05 16:04:25] EDIT Aarogya/models/db.py: 0
[2015-05-05 16:04:56] EDIT Aarogya/models/db.py: 0
[2015-05-05 16:06:00] EDIT Aarogya/models/db.py: 0
[2015-05-05 16:07:35] EDIT Aarogya/controllers/default.py: 0
[2015-05-05 16:07:53] EDIT Aarogya/controllers/default.py: 0
[2015-05-05 16:11:08] EDIT Aarogya/controllers/default.py: 0
[2015-05-05 16:12:30] EDIT Aarogya/models/db.py: -1
[2015-05-05 16:13:26] EDIT Aarogya/models/db.py: 0
[2015-05-05 16:16:17] EDIT Aarogya/models/db.py: 0
[2015-05-05 16:17:23] EDIT Aarogya/models/db.py: 0
[2015-05-05 16:31:53] EDIT Aarogya/views/web2py_ajax.html: -96
[2015-05-05 16:32:12] EDIT Aarogya/views/web2py_ajax.html: 0
[2015-05-05 16:32:51] EDIT Aarogya/views/default/user.html: -1
[2015-05-05 16:33:40] EDIT Aarogya/views/layout_user.html: -3
[2015-05-05 16:33:49] EDIT Aarogya/views/default/user.html: 0
[2015-05-05 16:33:55] EDIT Aarogya/views/default/user.html: 0
[2015-05-05 16:33:59] EDIT Aarogya/views/layout_user.html: 0
[2015-05-05 16:34:38] EDIT Aarogya/views/layout_user.html: 0
[2015-05-05 16:34:48] EDIT Aarogya/views/default/user.html: 0
[2015-05-05 16:34:51] EDIT Aarogya/views/web2py_ajax.html: 0
[2015-05-05 16:36:10] EDIT Aarogya/views/web2py_ajax.html: 0
[2015-05-05 16:37:10] EDIT Aarogya/views/web2py_ajax.html: 0
[2015-05-05 16:37:57] EDIT Aarogya/views/web2py_ajax.html: 96
[2015-05-05 16:38:16] EDIT Aarogya/views/layout_user.html: 3
[2015-05-05 16:38:18] EDIT Aarogya/views/layout_others.html: 0
[2015-05-05 16:38:22] EDIT Aarogya/views/default/user.html: 1
[2015-05-05 16:38:37] EDIT Aarogya/views/web2py_ajax.html: 0
[2015-05-05 16:39:51] EDIT Aarogya/views/web2py_ajax.html: 0
[2015-05-05 16:40:06] EDIT Aarogya/views/default/user.html: 0
[2015-05-05 16:40:19] EDIT Aarogya/views/layout_user.html: 0
[2015-05-05 16:40:44] EDIT Aarogya/views/layout_user.html: 0
[2015-05-05 16:41:11] EDIT Aarogya/views/layout_others.html: 0
[2015-05-05 16:41:14] EDIT Aarogya/views/layout_user.html: 0
[2015-05-05 16:41:14] EDIT Aarogya/views/layout_user.html: 0
[2015-05-05 16:41:14] EDIT Aarogya/views/layout_user.html: 0
[2015-05-05 16:41:14] EDIT Aarogya/views/layout_user.html: 0
[2015-05-05 16:41:14] EDIT Aarogya/views/layout_user.html: 0
[2015-05-05 16:41:14] EDIT Aarogya/views/layout_user.html: 0
[2015-05-05 16:41:14] EDIT Aarogya/views/layout_user.html: 0
[2015-05-05 16:41:14] EDIT Aarogya/views/layout_user.html: 0
[2015-05-05 16:41:17] EDIT Aarogya/views/default/user.html: 0
[2015-05-05 16:41:19] EDIT Aarogya/views/web2py_ajax.html: 0
[2015-05-05 16:42:47] EDIT Aarogya/views/web2py_ajax.html: 0
[2015-05-05 16:43:14] EDIT Aarogya/views/web2py_ajax.html: 0
[2015-05-05 16:43:25] EDIT Aarogya/views/default/user.html: 0
[2015-05-05 18:35:41] EDIT Aarogya/models/db.py: 0
[2015-05-05 19:26:05] EDIT Aarogya/controllers/default.py: -22
[2015-05-05 19:30:33] EDIT Aarogya/controllers/default.py: -1
[2015-05-05 19:34:27] EDIT Aarogya/controllers/default.py: 0
[2015-05-05 19:37:20] EDIT Aarogya/models/db.py: 0
[2015-05-05 19:37:40] EDIT Aarogya/models/db.py: 0
[2015-05-05 19:54:13] EDIT Aarogya/models/db.py: 0
[2015-05-05 19:57:42] EDIT Aarogya/models/db.py: 0
